JvmtiExport can_access_local_variables 1
JvmtiExport can_hotswap_or_post_breakpoint 1
JvmtiExport can_post_on_exceptions 1
# 289 ciObject found
ciMethod java/lang/Object <init> ()V 4097 1 57452 0 96
ciMethod java/lang/String <init> ([CII)V 4097 1 5669 0 -1
ciMethod java/lang/String length ()I 4097 1 19860 0 0
ciMethod java/lang/String charAt (I)C 4097 1 163007 0 192
ciMethod java/lang/String equals (Ljava/lang/Object;)Z 4097 12465 2604 0 -1
ciMethod java/lang/String hashCode ()I 2793 32769 3328 0 352
ciMethod java/lang/System arraycopy (Ljava/lang/Object;ILjava/lang/Object;II)V 68609 1 8576 0 -1
ciMethod java/lang/Float valueOf (F)Ljava/lang/Float; 0 0 1 0 -1
ciMethod java/lang/Float intBitsToFloat (I)F 0 0 1 0 -1
ciMethod java/lang/Double valueOf (D)Ljava/lang/Double; 0 0 3 0 -1
ciMethod java/lang/Double longBitsToDouble (J)D 73 1 9 0 -1
ciMethod java/lang/Integer valueOf (I)Ljava/lang/Integer; 521 1 174 0 -1
ciMethod java/lang/Long valueOf (J)Ljava/lang/Long; 121 1 25 0 -1
ciMethod java/lang/Math max (II)I 4097 1 4217 0 -1
ciMethodData java/lang/Object <init> ()V 2 57452 orig 264 168 227 28 94 0 0 0 0 128 4 103 27 0 0 0 0 32 1 0 0 0 0 0 0 0 0 0 0 0 0 0 0 0 0 0 0 0 0 0 0 0 0 0 0 0 0 0 0 0 0 0 0 0 0 0 0 0 0 0 0 0 0 0 0 0 0 0 0 0 0 0 0 0 0 0 0 0 0 0 0 77 68 79 32 101 120 116 114 97 32 100 97 116 97 32 108 111 99 107 0 0 0 0 0 0 0 0 0 0 0 0 0 0 0 0 0 0 0 0 0 0 0 0 0 0 0 0 0 0 0 0 0 0 0 0 0 0 0 0 0 0 0 0 0 0 0 0 0 0 0 0 0 0 0 0 0 0 0 0 0 0 0 0 0 0 0 0 0 0 0 0 0 0 0 0 0 0 0 0 0 0 0 0 0 0 0 0 0 0 0 0 0 0 0 0 0 0 0 0 0 0 0 0 0 0 0 0 0 0 0 0 0 0 0 0 0 0 2 0 0 97 243 6 0 1 0 0 0 0 0 0 0 0 0 0 0 2 0 0 0 0 0 0 0 0 0 0 0 0 0 0 0 255 255 255 255 0 0 0 0 0 0 0 0 data 0 oops 0
ciMethodData java/lang/String charAt (I)C 2 163180 orig 264 168 227 28 94 0 0 0 0 0 62 103 27 0 0 0 0 120 1 0 0 32 0 0 0 0 0 0 0 0 0 0 0 0 0 0 0 0 0 0 0 0 0 0 0 0 0 0 0 0 0 0 0 0 0 0 0 0 0 0 0 0 0 0 0 0 0 0 0 0 0 0 0 0 0 0 0 0 0 0 0 77 68 79 32 101 120 116 114 97 32 100 97 116 97 32 108 111 99 107 0 0 0 0 0 0 0 0 0 0 0 0 0 0 0 0 0 0 0 0 0 0 0 0 0 0 0 0 0 0 0 0 0 0 0 0 0 0 0 0 0 0 0 0 0 0 0 0 0 0 0 0 0 0 0 0 0 0 0 0 0 0 0 0 0 0 0 0 0 0 0 0 0 0 0 0 0 0 0 0 0 0 0 0 0 0 0 0 0 0 0 0 0 0 0 0 0 0 0 0 0 0 0 0 0 0 0 0 0 0 0 0 0 0 0 0 0 0 2 0 0 97 219 19 0 1 0 0 0 0 0 0 0 0 0 0 0 2 0 0 0 0 0 0 0 0 0 0 0 80 0 0 0 255 255 255 255 7 0 1 0 0 0 0 0 data 10 0x10007 0x0 0x40 0x27b6c 0xa0007 0x27b6c 0x30 0x0 0x120002 0x0 oops 0
ciMethodData java/lang/String hashCode ()I 2 41642 orig 264 168 227 28 94 0 0 0 0 80 80 103 27 0 0 0 0 152 1 0 0 32 0 0 0 0 0 0 0 0 0 0 0 0 0 0 0 0 0 0 0 0 0 0 0 0 0 0 0 0 0 0 0 0 0 0 0 0 0 0 0 0 0 0 0 0 0 0 0 0 0 0 0 0 0 0 0 0 0 0 0 77 68 79 32 101 120 116 114 97 32 100 97 116 97 32 108 111 99 107 0 0 0 0 0 0 0 0 0 0 0 0 0 0 0 0 0 0 0 0 0 0 0 0 0 0 0 0 0 0 0 0 0 0 0 0 0 0 0 0 0 0 0 0 0 0 0 0 0 0 0 0 0 0 0 0 0 0 0 0 0 0 0 0 0 0 0 0 0 0 0 0 0 0 0 0 0 0 0 0 0 0 0 0 0 0 0 0 0 0 0 0 0 0 0 0 0 0 0 0 0 0 0 0 0 0 0 0 0 0 0 0 0 0 0 0 0 0 16 0 0 25 93 0 0 81 149 4 0 0 0 0 0 0 0 0 0 2 0 0 0 0 0 0 0 0 0 0 0 120 0 0 0 255 255 255 255 7 0 6 0 0 0 0 0 data 15 0x60007 0x6c2 0x78 0x4e1 0xe0007 0x1 0x58 0x4e0 0x1e0007 0x4e0 0x38 0x9280 0x2d0003 0x9280 0xffffffffffffffe0 oops 0
ciMethodData java/lang/String length ()I 2 19860 orig 264 168 227 28 94 0 0 0 0 176 60 103 27 0 0 0 0 32 1 0 0 0 0 0 0 0 0 0 0 0 0 0 0 0 0 0 0 0 0 0 0 0 0 0 0 0 0 0 0 0 0 0 0 0 0 0 0 0 0 0 0 0 0 0 0 0 0 0 0 0 0 0 0 0 0 0 0 0 0 0 0 77 68 79 32 101 120 116 114 97 32 100 97 116 97 32 108 111 99 107 0 0 0 0 0 0 0 0 0 0 0 0 0 0 0 0 0 0 0 0 0 0 0 0 0 0 0 0 0 0 0 0 0 0 0 0 0 0 0 0 0 0 0 0 0 0 0 0 0 0 0 0 0 0 0 0 0 0 0 0 0 0 0 0 0 0 0 0 0 0 0 0 0 0 0 0 0 0 0 0 0 0 0 0 0 0 0 0 0 0 0 0 0 0 0 0 0 0 0 0 0 0 0 0 0 0 0 0 0 0 0 0 0 0 0 0 0 0 2 0 0 161 92 2 0 1 0 0 0 0 0 0 0 0 0 0 0 2 0 0 0 0 0 3 0 1 0 0 0 0 0 0 0 255 255 255 255 0 0 0 0 0 0 0 0 data 0 oops 0
ciMethod org/eclipse/jdt/launching/internal/org/objectweb/asm/ClassReader readCode (Lorg/eclipse/jdt/launching/internal/org/objectweb/asm/MethodVisitor;Lorg/eclipse/jdt/launching/internal/org/objectweb/asm/Context;I)V 1193 51881 565 0 -1
ciMethod org/eclipse/jdt/launching/internal/org/objectweb/asm/ClassReader readLabel (I[Lorg/eclipse/jdt/launching/internal/org/objectweb/asm/Label;)Lorg/eclipse/jdt/launching/internal/org/objectweb/asm/Label; 2561 1 5602 0 -1
ciMethod org/eclipse/jdt/launching/internal/org/objectweb/asm/ClassReader createLabel (I[Lorg/eclipse/jdt/launching/internal/org/objectweb/asm/Label;)Lorg/eclipse/jdt/launching/internal/org/objectweb/asm/Label; 2145 1 2023 0 0
ciMethod org/eclipse/jdt/launching/internal/org/objectweb/asm/ClassReader createDebugLabel (I[Lorg/eclipse/jdt/launching/internal/org/objectweb/asm/Label;)V 3689 1 6978 0 -1
ciMethod org/eclipse/jdt/launching/internal/org/objectweb/asm/ClassReader readTypeAnnotations (Lorg/eclipse/jdt/launching/internal/org/objectweb/asm/MethodVisitor;Lorg/eclipse/jdt/launching/internal/org/objectweb/asm/Context;IZ)[I 0 0 1 0 -1
ciMethod org/eclipse/jdt/launching/internal/org/objectweb/asm/ClassReader getTypeAnnotationBytecodeOffset ([II)I 2417 1 1136 0 -1
ciMethod org/eclipse/jdt/launching/internal/org/objectweb/asm/ClassReader readTypeAnnotationTarget (Lorg/eclipse/jdt/launching/internal/org/objectweb/asm/Context;I)I 0 0 1 0 -1
ciMethod org/eclipse/jdt/launching/internal/org/objectweb/asm/ClassReader readElementValues (Lorg/eclipse/jdt/launching/internal/org/objectweb/asm/AnnotationVisitor;IZ[C)I 0 0 1 0 -1
ciMethod org/eclipse/jdt/launching/internal/org/objectweb/asm/ClassReader computeImplicitFrame (Lorg/eclipse/jdt/launching/internal/org/objectweb/asm/Context;)V 0 0 1 0 -1
ciMethod org/eclipse/jdt/launching/internal/org/objectweb/asm/ClassReader readStackMapFrame (IZZLorg/eclipse/jdt/launching/internal/org/objectweb/asm/Context;)I 57 129 72 0 0
ciMethod org/eclipse/jdt/launching/internal/org/objectweb/asm/ClassReader readVerificationTypeInfo (I[Ljava/lang/Object;I[C[Lorg/eclipse/jdt/launching/internal/org/objectweb/asm/Label;)I 2521 1 133 0 -1
ciMethod org/eclipse/jdt/launching/internal/org/objectweb/asm/ClassReader readAttribute ([Lorg/eclipse/jdt/launching/internal/org/objectweb/asm/Attribute;Ljava/lang/String;II[CI[Lorg/eclipse/jdt/launching/internal/org/objectweb/asm/Label;)Lorg/eclipse/jdt/launching/internal/org/objectweb/asm/Attribute; 0 0 1 0 -1
ciMethod org/eclipse/jdt/launching/internal/org/objectweb/asm/ClassReader readByte (I)I 0 0 1 0 -1
ciMethod org/eclipse/jdt/launching/internal/org/objectweb/asm/ClassReader readUnsignedShort (I)I 2377 1 46917 0 224
ciMethod org/eclipse/jdt/launching/internal/org/objectweb/asm/ClassReader readShort (I)S 2809 1 2843 0 0
ciMethod org/eclipse/jdt/launching/internal/org/objectweb/asm/ClassReader readInt (I)I 2217 1 1328 0 224
ciMethod org/eclipse/jdt/launching/internal/org/objectweb/asm/ClassReader readLong (I)J 121 1 25 0 -1
ciMethod org/eclipse/jdt/launching/internal/org/objectweb/asm/ClassReader readUTF8 (I[C)Ljava/lang/String; 2745 1 23001 0 0
ciMethod org/eclipse/jdt/launching/internal/org/objectweb/asm/ClassReader readUtf (I[C)Ljava/lang/String; 2121 1 8366 0 640
ciMethod org/eclipse/jdt/launching/internal/org/objectweb/asm/ClassReader readUtf (II[C)Ljava/lang/String; 849 15761 1582 0 3264
ciMethod org/eclipse/jdt/launching/internal/org/objectweb/asm/ClassReader readStringish (I[C)Ljava/lang/String; 2225 1 6297 0 0
ciMethod org/eclipse/jdt/launching/internal/org/objectweb/asm/ClassReader readClass (I[C)Ljava/lang/String; 2201 1 6051 0 0
ciMethod org/eclipse/jdt/launching/internal/org/objectweb/asm/ClassReader readConstantDynamic (I[C)Lorg/eclipse/jdt/launching/internal/org/objectweb/asm/ConstantDynamic; 0 0 1 0 -1
ciMethod org/eclipse/jdt/launching/internal/org/objectweb/asm/ClassReader readConst (I[C)Ljava/lang/Object; 969 1 1849 0 0
ciMethod org/eclipse/jdt/launching/internal/org/objectweb/asm/MethodVisitor visitAttribute (Lorg/eclipse/jdt/launching/internal/org/objectweb/asm/Attribute;)V 0 0 1 0 -1
ciMethod org/eclipse/jdt/launching/internal/org/objectweb/asm/MethodVisitor visitFrame (II[Ljava/lang/Object;I[Ljava/lang/Object;)V 0 0 1 0 -1
ciMethod org/eclipse/jdt/launching/internal/org/objectweb/asm/MethodVisitor visitInsn (I)V 0 0 1 0 -1
ciMethod org/eclipse/jdt/launching/internal/org/objectweb/asm/MethodVisitor visitIntInsn (II)V 0 0 1 0 -1
ciMethod org/eclipse/jdt/launching/internal/org/objectweb/asm/MethodVisitor visitVarInsn (II)V 0 0 1 0 -1
ciMethod org/eclipse/jdt/launching/internal/org/objectweb/asm/MethodVisitor visitTypeInsn (ILjava/lang/String;)V 0 0 1 0 -1
ciMethod org/eclipse/jdt/launching/internal/org/objectweb/asm/MethodVisitor visitFieldInsn (ILjava/lang/String;Ljava/lang/String;Ljava/lang/String;)V 0 0 1 0 -1
ciMethod org/eclipse/jdt/launching/internal/org/objectweb/asm/MethodVisitor visitMethodInsn (ILjava/lang/String;Ljava/lang/String;Ljava/lang/String;Z)V 0 0 1 0 -1
ciMethod org/eclipse/jdt/launching/internal/org/objectweb/asm/MethodVisitor visitInvokeDynamicInsn (Ljava/lang/String;Ljava/lang/String;Lorg/eclipse/jdt/launching/internal/org/objectweb/asm/Handle;[Ljava/lang/Object;)V 0 0 1 0 -1
ciMethod org/eclipse/jdt/launching/internal/org/objectweb/asm/MethodVisitor visitJumpInsn (ILorg/eclipse/jdt/launching/internal/org/objectweb/asm/Label;)V 0 0 1 0 -1
ciMethod org/eclipse/jdt/launching/internal/org/objectweb/asm/MethodVisitor visitLabel (Lorg/eclipse/jdt/launching/internal/org/objectweb/asm/Label;)V 0 0 1 0 -1
ciMethod org/eclipse/jdt/launching/internal/org/objectweb/asm/MethodVisitor visitLdcInsn (Ljava/lang/Object;)V 0 0 1 0 -1
ciMethod org/eclipse/jdt/launching/internal/org/objectweb/asm/MethodVisitor visitIincInsn (II)V 0 0 1 0 -1
ciMethod org/eclipse/jdt/launching/internal/org/objectweb/asm/MethodVisitor visitTableSwitchInsn (IILorg/eclipse/jdt/launching/internal/org/objectweb/asm/Label;[Lorg/eclipse/jdt/launching/internal/org/objectweb/asm/Label;)V 0 0 1 0 -1
ciMethod org/eclipse/jdt/launching/internal/org/objectweb/asm/MethodVisitor visitLookupSwitchInsn (Lorg/eclipse/jdt/launching/internal/org/objectweb/asm/Label;[I[Lorg/eclipse/jdt/launching/internal/org/objectweb/asm/Label;)V 0 0 1 0 -1
ciMethod org/eclipse/jdt/launching/internal/org/objectweb/asm/MethodVisitor visitMultiANewArrayInsn (Ljava/lang/String;I)V 0 0 1 0 -1
ciMethod org/eclipse/jdt/launching/internal/org/objectweb/asm/MethodVisitor visitInsnAnnotation (ILorg/eclipse/jdt/launching/internal/org/objectweb/asm/TypePath;Ljava/lang/String;Z)Lorg/eclipse/jdt/launching/internal/org/objectweb/asm/AnnotationVisitor; 0 0 1 0 -1
ciMethod org/eclipse/jdt/launching/internal/org/objectweb/asm/MethodVisitor visitTryCatchBlock (Lorg/eclipse/jdt/launching/internal/org/objectweb/asm/Label;Lorg/eclipse/jdt/launching/internal/org/objectweb/asm/Label;Lorg/eclipse/jdt/launching/internal/org/objectweb/asm/Label;Ljava/lang/String;)V 0 0 1 0 -1
ciMethod org/eclipse/jdt/launching/internal/org/objectweb/asm/MethodVisitor visitLocalVariable (Ljava/lang/String;Ljava/lang/String;Ljava/lang/String;Lorg/eclipse/jdt/launching/internal/org/objectweb/asm/Label;Lorg/eclipse/jdt/launching/internal/org/objectweb/asm/Label;I)V 0 0 1 0 -1
ciMethod org/eclipse/jdt/launching/internal/org/objectweb/asm/MethodVisitor visitLocalVariableAnnotation (ILorg/eclipse/jdt/launching/internal/org/objectweb/asm/TypePath;[Lorg/eclipse/jdt/launching/internal/org/objectweb/asm/Label;[Lorg/eclipse/jdt/launching/internal/org/objectweb/asm/Label;[ILjava/lang/String;Z)Lorg/eclipse/jdt/launching/internal/org/objectweb/asm/AnnotationVisitor; 0 0 1 0 -1
ciMethod org/eclipse/jdt/launching/internal/org/objectweb/asm/MethodVisitor visitLineNumber (ILorg/eclipse/jdt/launching/internal/org/objectweb/asm/Label;)V 0 0 1 0 -1
ciMethod org/eclipse/jdt/launching/internal/org/objectweb/asm/MethodVisitor visitMaxs (II)V 0 0 1 0 -1
ciMethod org/eclipse/jdt/launching/internal/org/objectweb/asm/MethodWriter visitFrame (II[Ljava/lang/Object;I[Ljava/lang/Object;)V 2233 3473 106 0 0
ciMethod org/eclipse/jdt/launching/internal/org/objectweb/asm/MethodWriter visitInsn (I)V 3089 1 4756 0 0
ciMethod org/eclipse/jdt/launching/internal/org/objectweb/asm/MethodWriter visitIntInsn (II)V 4097 1 1014 0 0
ciMethod org/eclipse/jdt/launching/internal/org/objectweb/asm/MethodWriter visitVarInsn (II)V 3089 1 5054 0 0
ciMethod org/eclipse/jdt/launching/internal/org/objectweb/asm/MethodWriter visitTypeInsn (ILjava/lang/String;)V 3121 1 707 0 0
ciMethod org/eclipse/jdt/launching/internal/org/objectweb/asm/MethodWriter visitFieldInsn (ILjava/lang/String;Ljava/lang/String;Ljava/lang/String;)V 2105 1 1739 0 0
ciMethod org/eclipse/jdt/launching/internal/org/objectweb/asm/MethodWriter visitMethodInsn (ILjava/lang/String;Ljava/lang/String;Ljava/lang/String;Z)V 4097 1 3402 0 -1
ciMethod org/eclipse/jdt/launching/internal/org/objectweb/asm/MethodWriter visitInvokeDynamicInsn (Ljava/lang/String;Ljava/lang/String;Lorg/eclipse/jdt/launching/internal/org/objectweb/asm/Handle;[Ljava/lang/Object;)V 0 0 1 0 0
ciMethod org/eclipse/jdt/launching/internal/org/objectweb/asm/MethodWriter visitJumpInsn (ILorg/eclipse/jdt/launching/internal/org/objectweb/asm/Label;)V 4097 1 1115 0 0
ciMethod org/eclipse/jdt/launching/internal/org/objectweb/asm/MethodWriter visitLabel (Lorg/eclipse/jdt/launching/internal/org/objectweb/asm/Label;)V 3505 1 4692 0 -1
ciMethod org/eclipse/jdt/launching/internal/org/objectweb/asm/MethodWriter visitLdcInsn (Ljava/lang/Object;)V 4097 1 1752 0 -1
ciMethod org/eclipse/jdt/launching/internal/org/objectweb/asm/MethodWriter visitIincInsn (II)V 1977 1 45 0 0
ciMethod org/eclipse/jdt/launching/internal/org/objectweb/asm/MethodWriter visitTableSwitchInsn (IILorg/eclipse/jdt/launching/internal/org/objectweb/asm/Label;[Lorg/eclipse/jdt/launching/internal/org/objectweb/asm/Label;)V 145 1561 17 0 -1
ciMethod org/eclipse/jdt/launching/internal/org/objectweb/asm/MethodWriter visitLookupSwitchInsn (Lorg/eclipse/jdt/launching/internal/org/objectweb/asm/Label;[I[Lorg/eclipse/jdt/launching/internal/org/objectweb/asm/Label;)V 57 217 6 0 -1
ciMethod org/eclipse/jdt/launching/internal/org/objectweb/asm/MethodWriter visitSwitchInsn (Lorg/eclipse/jdt/launching/internal/org/objectweb/asm/Label;[Lorg/eclipse/jdt/launching/internal/org/objectweb/asm/Label;)V 201 1 23 0 -1
ciMethod org/eclipse/jdt/launching/internal/org/objectweb/asm/MethodWriter visitMultiANewArrayInsn (Ljava/lang/String;I)V 49 1 1 0 0
ciMethod org/eclipse/jdt/launching/internal/org/objectweb/asm/MethodWriter visitLocalVariable (Ljava/lang/String;Ljava/lang/String;Ljava/lang/String;Lorg/eclipse/jdt/launching/internal/org/objectweb/asm/Label;Lorg/eclipse/jdt/launching/internal/org/objectweb/asm/Label;I)V 4097 1 1503 0 -1
ciMethod org/eclipse/jdt/launching/internal/org/objectweb/asm/MethodWriter visitLineNumber (ILorg/eclipse/jdt/launching/internal/org/objectweb/asm/Label;)V 4041 1 3972 0 0
ciMethod org/eclipse/jdt/launching/internal/org/objectweb/asm/MethodWriter visitMaxs (II)V 3113 1 589 0 -1
ciMethod org/eclipse/jdt/launching/internal/org/objectweb/asm/MethodWriter computeAllFrames ()V 0 0 1 0 -1
ciMethod org/eclipse/jdt/launching/internal/org/objectweb/asm/MethodWriter computeMaxStackAndLocal ()V 0 0 1 0 -1
ciMethod org/eclipse/jdt/launching/internal/org/objectweb/asm/MethodWriter addSuccessorToCurrentBasicBlock (ILorg/eclipse/jdt/launching/internal/org/objectweb/asm/Label;)V 0 0 1 0 -1
ciMethod org/eclipse/jdt/launching/internal/org/objectweb/asm/MethodWriter endCurrentBasicBlockWithNoSuccessor ()V 0 0 1 0 -1
ciMethod org/eclipse/jdt/launching/internal/org/objectweb/asm/MethodWriter visitFrameStart (III)I 0 0 1 0 -1
ciMethod org/eclipse/jdt/launching/internal/org/objectweb/asm/MethodWriter visitFrameEnd ()V 0 0 1 0 -1
ciMethod org/eclipse/jdt/launching/internal/org/objectweb/asm/MethodWriter putFrameType (Ljava/lang/Object;)V 3705 1 133 0 -1
ciMethod org/eclipse/jdt/launching/internal/org/objectweb/asm/SymbolTable get (I)Lorg/eclipse/jdt/launching/internal/org/objectweb/asm/SymbolTable$Entry; 2329 1 22079 0 0
ciMethod org/eclipse/jdt/launching/internal/org/objectweb/asm/SymbolTable put (Lorg/eclipse/jdt/launching/internal/org/objectweb/asm/SymbolTable$Entry;)Lorg/eclipse/jdt/launching/internal/org/objectweb/asm/SymbolTable$Entry; 2057 3593 6528 0 1344
ciMethod org/eclipse/jdt/launching/internal/org/objectweb/asm/SymbolTable addConstant (Ljava/lang/Object;)Lorg/eclipse/jdt/launching/internal/org/objectweb/asm/Symbol; 4097 1 1882 0 -1
ciMethod org/eclipse/jdt/launching/internal/org/objectweb/asm/SymbolTable addConstantClass (Ljava/lang/String;)Lorg/eclipse/jdt/launching/internal/org/objectweb/asm/Symbol; 1457 1 2956 0 0
ciMethod org/eclipse/jdt/launching/internal/org/objectweb/asm/SymbolTable addConstantFieldref (Ljava/lang/String;Ljava/lang/String;Ljava/lang/String;)Lorg/eclipse/jdt/launching/internal/org/objectweb/asm/Symbol; 2153 1 1739 0 0
ciMethod org/eclipse/jdt/launching/internal/org/objectweb/asm/SymbolTable addConstantMethodref (Ljava/lang/String;Ljava/lang/String;Ljava/lang/String;Z)Lorg/eclipse/jdt/launching/internal/org/objectweb/asm/Symbol; 4097 1 3402 0 -1
ciMethod org/eclipse/jdt/launching/internal/org/objectweb/asm/SymbolTable addConstantMemberReference (ILjava/lang/String;Ljava/lang/String;Ljava/lang/String;)Lorg/eclipse/jdt/launching/internal/org/objectweb/asm/SymbolTable$Entry; 2113 553 5141 0 0
ciMethod org/eclipse/jdt/launching/internal/org/objectweb/asm/SymbolTable addConstantNameAndType (Ljava/lang/String;Ljava/lang/String;)I 929 273 1603 0 0
ciMethod org/eclipse/jdt/launching/internal/org/objectweb/asm/SymbolTable addConstantUtf8 (Ljava/lang/String;)I 4097 905 11195 0 0
ciMethod org/eclipse/jdt/launching/internal/org/objectweb/asm/SymbolTable addConstantInvokeDynamic (Ljava/lang/String;Ljava/lang/String;Lorg/eclipse/jdt/launching/internal/org/objectweb/asm/Handle;[Ljava/lang/Object;)Lorg/eclipse/jdt/launching/internal/org/objectweb/asm/Symbol; 0 0 1 0 -1
ciMethod org/eclipse/jdt/launching/internal/org/objectweb/asm/SymbolTable addConstantUtf8Reference (ILjava/lang/String;)Lorg/eclipse/jdt/launching/internal/org/objectweb/asm/Symbol; 1865 321 4729 0 0
ciMethod org/eclipse/jdt/launching/internal/org/objectweb/asm/SymbolTable hash (ILjava/lang/String;)I 2225 1 15924 0 0
ciMethod org/eclipse/jdt/launching/internal/org/objectweb/asm/SymbolTable hash (ILjava/lang/String;Ljava/lang/String;)I 4097 1 1603 0 0
ciMethod org/eclipse/jdt/launching/internal/org/objectweb/asm/SymbolTable hash (ILjava/lang/String;Ljava/lang/String;Ljava/lang/String;)I 2137 1 5141 0 0
ciMethod org/eclipse/jdt/launching/internal/org/objectweb/asm/Symbol <init> (IILjava/lang/String;Ljava/lang/String;Ljava/lang/String;J)V 2105 1 6471 0 96
ciMethod org/eclipse/jdt/launching/internal/org/objectweb/asm/Symbol getArgumentsAndReturnSizes ()I 817 1 250 0 -1
ciMethod org/eclipse/jdt/launching/internal/org/objectweb/asm/SymbolTable$Entry <init> (IILjava/lang/String;Ljava/lang/String;Ljava/lang/String;JI)V 929 1 1602 0 0
ciMethod org/eclipse/jdt/launching/internal/org/objectweb/asm/SymbolTable$Entry <init> (IILjava/lang/String;I)V 2921 1 7505 0 0
ciMethod org/eclipse/jdt/launching/internal/org/objectweb/asm/SymbolTable$Entry <init> (IILjava/lang/String;Ljava/lang/String;I)V 4097 1 1447 0 0
ciMethod org/eclipse/jdt/launching/internal/org/objectweb/asm/ByteVector <init> ()V 3145 1 1909 0 0
ciMethod org/eclipse/jdt/launching/internal/org/objectweb/asm/ByteVector putByte (I)Lorg/eclipse/jdt/launching/internal/org/objectweb/asm/ByteVector; 3697 1 5635 0 320
ciMethod org/eclipse/jdt/launching/internal/org/objectweb/asm/ByteVector put11 (II)Lorg/eclipse/jdt/launching/internal/org/objectweb/asm/ByteVector; 1217 1 2670 0 0
ciMethod org/eclipse/jdt/launching/internal/org/objectweb/asm/ByteVector putShort (I)Lorg/eclipse/jdt/launching/internal/org/objectweb/asm/ByteVector; 2129 1 5781 0 384
ciMethod org/eclipse/jdt/launching/internal/org/objectweb/asm/ByteVector put12 (II)Lorg/eclipse/jdt/launching/internal/org/objectweb/asm/ByteVector; 3105 1 6109 0 576
ciMethod org/eclipse/jdt/launching/internal/org/objectweb/asm/ByteVector putInt (I)Lorg/eclipse/jdt/launching/internal/org/objectweb/asm/ByteVector; 3145 1 3317 0 -1
ciMethod org/eclipse/jdt/launching/internal/org/objectweb/asm/ByteVector put122 (III)Lorg/eclipse/jdt/launching/internal/org/objectweb/asm/ByteVector; 1777 1 3049 0 0
ciMethod org/eclipse/jdt/launching/internal/org/objectweb/asm/ByteVector putUTF8 (Ljava/lang/String;)Lorg/eclipse/jdt/launching/internal/org/objectweb/asm/ByteVector; 881 17009 2837 0 1952
ciMethod org/eclipse/jdt/launching/internal/org/objectweb/asm/ByteVector encodeUtf8 (Ljava/lang/String;II)Lorg/eclipse/jdt/launching/internal/org/objectweb/asm/ByteVector; 9 2449 88 0 0
ciMethod org/eclipse/jdt/launching/internal/org/objectweb/asm/ByteVector putByteArray ([BII)Lorg/eclipse/jdt/launching/internal/org/objectweb/asm/ByteVector; 4097 1 1933 0 -1
ciMethod org/eclipse/jdt/launching/internal/org/objectweb/asm/ByteVector enlarge (I)V 89 1 773 0 0
ciMethod org/eclipse/jdt/launching/internal/org/objectweb/asm/Frame setInputFrameFromApiFormat (Lorg/eclipse/jdt/launching/internal/org/objectweb/asm/SymbolTable;I[Ljava/lang/Object;I[Ljava/lang/Object;)V 0 0 1 0 -1
ciMethod org/eclipse/jdt/launching/internal/org/objectweb/asm/Frame execute (IILorg/eclipse/jdt/launching/internal/org/objectweb/asm/Symbol;Lorg/eclipse/jdt/launching/internal/org/objectweb/asm/SymbolTable;)V 0 0 1 0 -1
ciMethod org/eclipse/jdt/launching/internal/org/objectweb/asm/Frame accept (Lorg/eclipse/jdt/launching/internal/org/objectweb/asm/MethodWriter;)V 0 0 1 0 -1
ciMethod org/eclipse/jdt/launching/internal/org/objectweb/asm/Label <init> ()V 2409 1 4813 0 -1
ciMethod org/eclipse/jdt/launching/internal/org/objectweb/asm/Label getCanonicalInstance ()Lorg/eclipse/jdt/launching/internal/org/objectweb/asm/Label; 0 0 1 0 -1
ciMethod org/eclipse/jdt/launching/internal/org/objectweb/asm/Label addLineNumber (I)V 4041 1 3972 0 -1
ciMethod org/eclipse/jdt/launching/internal/org/objectweb/asm/Label accept (Lorg/eclipse/jdt/launching/internal/org/objectweb/asm/MethodVisitor;Z)V 4097 1 4188 0 0
ciMethod org/eclipse/jdt/launching/internal/org/objectweb/asm/Label put (Lorg/eclipse/jdt/launching/internal/org/objectweb/asm/ByteVector;IZ)V 4097 1 1356 0 -1
ciMethod org/eclipse/jdt/launching/internal/org/objectweb/asm/Label resolve ([BI)Z 3233 785 4692 0 -1
ciMethod org/eclipse/jdt/launching/internal/org/objectweb/asm/Type getObjectType (Ljava/lang/String;)Lorg/eclipse/jdt/launching/internal/org/objectweb/asm/Type; 9 1 9 0 -1
ciMethod org/eclipse/jdt/launching/internal/org/objectweb/asm/Type getMethodType (Ljava/lang/String;)Lorg/eclipse/jdt/launching/internal/org/objectweb/asm/Type; 0 0 1 0 -1
ciMethod org/eclipse/jdt/launching/internal/org/objectweb/asm/Type getArgumentsAndReturnSizes (Ljava/lang/String;)I 433 305 118 0 -1
ciMethodData org/eclipse/jdt/launching/internal/org/objectweb/asm/ClassReader readUnsignedShort (I)I 2 48484 orig 264 168 227 28 94 0 0 0 0 24 9 168 27 0 0 0 0 40 1 0 0 0 0 0 0 0 0 0 0 0 0 0 0 0 0 0 0 0 0 0 0 0 0 0 0 0 0 0 0 0 0 0 0 0 0 0 0 0 0 0 0 0 0 0 0 0 0 0 0 0 0 0 0 0 0 0 0 0 0 0 0 77 68 79 32 101 120 116 114 97 32 100 97 116 97 32 108 111 99 107 0 0 0 0 0 0 0 0 0 0 0 0 0 0 0 0 0 0 0 0 0 0 0 0 0 0 0 0 0 0 0 0 0 0 0 0 0 0 0 0 0 0 0 0 0 0 0 0 0 0 0 0 0 0 0 0 0 0 0 0 0 0 0 0 0 0 0 0 0 0 0 0 0 0 0 0 0 0 0 0 0 0 0 0 0 0 0 0 0 0 0 0 0 0 0 0 0 0 0 0 0 0 0 0 0 0 0 0 0 0 0 0 0 0 0 0 0 41 1 0 0 217 225 5 0 1 0 0 0 0 0 0 0 0 0 0 0 2 0 0 0 0 0 3 0 1 0 0 0 0 0 0 0 255 255 255 255 0 0 0 0 0 0 0 0 data 0 oops 0
ciMethodData org/eclipse/jdt/launching/internal/org/objectweb/asm/ClassReader readUtf (I[C)Ljava/lang/String; 2 8366 orig 264 168 227 28 94 0 0 0 0 144 13 168 27 0 0 0 0 232 1 0 0 0 0 0 0 0 0 0 0 0 0 0 0 0 0 0 0 0 0 0 0 0 0 0 0 0 0 0 0 0 0 0 0 0 0 0 0 0 0 0 0 0 0 0 0 0 0 0 0 0 0 0 0 0 0 0 0 0 0 0 0 77 68 79 32 101 120 116 114 97 32 100 97 116 97 32 108 111 99 107 0 0 0 0 0 0 0 0 0 0 0 0 0 0 0 0 0 0 0 0 0 0 0 0 0 0 0 0 0 0 0 0 0 0 0 0 0 0 0 0 0 0 0 0 0 0 0 0 0 0 0 0 0 0 0 0 0 0 0 0 0 0 0 0 0 0 0 0 0 0 0 0 0 0 0 0 0 0 0 0 0 0 0 0 0 0 0 0 0 0 0 0 0 0 0 0 0 0 0 0 0 0 0 0 0 0 0 0 0 0 0 0 0 0 0 0 0 9 1 0 0 41 253 0 0 1 0 0 0 0 0 0 0 0 0 0 0 2 0 0 0 0 0 5 0 2 0 0 0 144 0 0 0 255 255 255 255 7 0 8 0 0 0 0 0 data 18 0x80007 0x75c 0x20 0x1849 0x220005 0x0 0x1ec22790 0x75c 0x0 0x0 0x260002 0x75c 0x2a0004 0x0 0x1de1f850 0x75c 0x0 0x0 oops 2 6 org/eclipse/jdt/launching/internal/org/objectweb/asm/ClassReader 14 java/lang/String
ciMethodData org/eclipse/jdt/launching/internal/org/objectweb/asm/ClassReader readUTF8 (I[C)Ljava/lang/String; 2 23692 orig 264 168 227 28 94 0 0 0 0 144 12 168 27 0 0 0 0 248 1 0 0 80 0 0 0 0 0 0 0 0 0 0 0 0 0 0 0 0 0 0 0 0 0 0 0 0 0 0 0 0 0 0 0 0 0 0 0 0 0 0 0 0 0 0 0 0 0 0 0 0 0 0 0 0 0 0 0 0 0 0 0 77 68 79 32 101 120 116 114 97 32 100 97 116 97 32 108 111 99 107 0 0 0 0 0 0 0 0 0 0 0 0 0 0 0 0 0 0 0 0 0 0 0 0 0 0 0 0 0 0 0 0 0 0 0 0 0 0 0 0 0 0 0 0 0 1 0 0 0 0 0 0 0 0 0 0 0 0 0 0 0 0 0 0 0 0 0 0 0 0 0 0 0 0 0 0 0 0 0 0 1 0 0 0 0 0 0 0 0 0 0 0 0 0 0 0 0 0 0 0 0 0 0 0 0 0 0 0 0 0 0 0 0 0 0 0 0 87 1 0 0 169 217 2 0 1 0 0 0 3 72 0 0 0 0 0 0 2 0 0 0 0 0 8 0 2 0 0 0 160 0 0 0 255 255 255 255 5 0 2 0 0 0 0 0 data 20 0x20005 0x0 0x1ec22790 0x5b35 0x0 0x0 0x70007 0x1c 0x40 0x5b19 0xbe007 0x5b16 0x20 0x4 0x130005 0x1a 0x1ec22790 0x5afc 0x0 0x0 oops 2 2 org/eclipse/jdt/launching/internal/org/objectweb/asm/ClassReader 16 org/eclipse/jdt/launching/internal/org/objectweb/asm/ClassReader
ciMethodData org/eclipse/jdt/launching/internal/org/objectweb/asm/SymbolTable get (I)Lorg/eclipse/jdt/launching/internal/org/objectweb/asm/SymbolTable$Entry; 2 22079 orig 264 168 227 28 94 0 0 0 0 200 189 170 27 0 0 0 0 40 1 0 0 0 0 0 0 0 0 0 0 0 0 0 0 0 0 0 0 0 0 0 0 0 0 0 0 0 0 0 0 0 0 0 0 0 0 0 0 0 0 0 0 0 0 0 0 0 0 0 0 0 0 0 0 0 0 0 0 0 0 0 0 77 68 79 32 101 120 116 114 97 32 100 97 116 97 32 108 111 99 107 0 0 0 0 0 0 0 0 0 0 0 0 0 0 0 0 0 0 0 0 0 0 0 0 0 0 0 0 0 0 0 0 0 0 0 0 0 0 0 0 0 0 0 0 0 0 0 0 0 0 0 0 0 0 0 0 0 0 0 0 0 0 0 0 0 0 0 0 0 0 0 0 0 0 0 0 0 0 0 0 0 0 0 0 0 0 0 0 0 0 0 0 0 0 0 0 0 0 0 0 0 0 0 0 0 0 0 0 0 0 0 0 0 0 0 0 0 35 1 0 0 225 168 2 0 1 0 0 0 0 0 0 0 0 0 0 0 2 0 0 0 0 0 3 0 1 0 0 0 0 0 0 0 255 255 255 255 0 0 0 0 0 0 0 0 data 0 oops 0
ciMethodData org/eclipse/jdt/launching/internal/org/objectweb/asm/ByteVector putUTF8 (Ljava/lang/String;)Lorg/eclipse/jdt/launching/internal/org/objectweb/asm/ByteVector; 2 64870 orig 264 168 227 28 94 0 0 0 0 176 31 171 27 0 0 0 0 208 2 0 0 224 0 0 0 0 0 0 0 0 0 0 0 0 0 0 0 0 0 0 0 0 0 0 0 0 0 0 0 0 0 0 0 0 0 0 0 0 0 0 0 0 0 0 0 0 0 0 0 0 0 0 0 0 0 0 0 0 0 0 0 77 68 79 32 101 120 116 114 97 32 100 97 116 97 32 108 111 99 107 0 0 0 0 0 0 0 0 0 0 0 0 0 0 0 0 0 0 0 0 0 0 0 0 0 0 0 0 0 0 0 0 0 0 0 0 0 0 0 0 0 0 0 0 0 1 0 0 0 0 0 0 0 0 0 0 0 0 0 0 0 0 0 0 0 0 0 0 0 0 0 0 0 0 0 0 0 0 0 0 2 0 0 0 0 0 0 0 0 0 0 0 0 0 0 0 0 0 0 0 0 0 0 0 0 0 0 0 0 0 0 0 0 0 0 0 0 78 8 0 0 57 85 0 0 193 168 7 0 215 5 0 0 49 111 0 0 2 0 0 0 1 0 23 0 2 0 0 0 128 1 0 0 255 255 255 255 5 0 1 0 0 0 0 0 data 48 0x10005 0x79 0x1de1f850 0xa2e 0x0 0x0 0x80007 0xaa7 0x30 0x0 0x110002 0x0 0x240007 0xa25 0x30 0x82 0x2b0002 0x82 0x4f0007 0xaa3 0xf0 0xf51c 0x550005 0x5d4 0x1de1f850 0xef48 0x0 0x0 0x5de007 0x4 0x58 0xf51a 0x640007 0x2 0x38 0xf518 0x710003 0xf518 0x48 0x7f0005 0x4 0x1ecdf8a0 0x2 0x0 0x0 0x860003 0xf518 0xffffffffffffff28 oops 3 2 java/lang/String 24 java/lang/String 41 org/eclipse/jdt/launching/internal/org/objectweb/asm/ByteVector
ciMethodData org/eclipse/jdt/launching/internal/org/objectweb/asm/ByteVector enlarge (I)V 1 787 orig 264 168 227 28 94 0 0 0 0 72 36 171 27 0 0 0 0 152 1 0 0 32 0 0 0 0 0 0 0 0 0 0 0 0 0 0 0 0 0 0 0 0 0 0 0 0 0 0 0 0 0 0 0 0 0 0 0 0 0 0 0 0 0 0 0 0 0 0 0 0 0 0 0 0 0 0 0 0 0 0 0 77 68 79 32 101 120 116 114 97 32 100 97 116 97 32 108 111 99 107 0 0 0 0 0 0 0 0 0 0 0 0 0 0 0 0 0 0 0 0 0 0 0 0 0 0 0 0 0 0 0 0 0 0 0 0 0 0 0 0 0 0 0 0 0 0 0 0 0 0 0 0 0 0 0 0 0 0 0 0 0 0 0 0 0 0 0 0 0 0 0 0 0 0 0 0 0 0 0 0 0 0 0 0 0 0 0 0 0 0 0 0 0 0 0 0 0 0 0 0 0 0 0 0 0 0 0 0 0 0 0 0 0 0 0 0 0 11 0 0 0 65 24 0 0 1 0 0 0 0 0 0 0 0 0 0 0 2 0 0 0 0 0 6 0 2 0 0 0 72 0 0 0 255 255 255 255 7 0 17 0 0 0 0 0 data 9 0x110007 0x4c 0x38 0x2bc 0x150003 0x2bc 0x18 0x290002 0x308 oops 0
ciMethodData org/eclipse/jdt/launching/internal/org/objectweb/asm/SymbolTable hash (ILjava/lang/String;)I 2 15924 orig 264 168 227 28 94 0 0 0 0 216 234 170 27 0 0 0 0 128 1 0 0 0 0 0 0 0 0 0 0 0 0 0 0 0 0 0 0 0 0 0 0 0 0 0 0 0 0 0 0 0 0 0 0 0 0 0 0 0 0 0 0 0 0 0 0 0 0 0 0 0 0 0 0 0 0 0 0 0 0 0 0 77 68 79 32 101 120 116 114 97 32 100 97 116 97 32 108 111 99 107 0 0 0 0 0 0 0 0 0 0 0 0 0 0 0 0 0 0 0 0 0 0 0 0 0 0 0 0 0 0 0 0 0 0 0 0 0 0 0 0 0 0 0 0 0 0 0 0 0 0 0 0 0 0 0 0 0 0 0 0 0 0 0 0 0 0 0 0 0 0 0 0 0 0 0 0 0 0 0 0 0 0 0 0 0 0 0 0 0 0 0 0 0 0 0 0 0 0 0 0 0 0 0 0 0 0 0 0 0 0 0 0 0 0 0 0 0 22 1 0 0 241 232 1 0 1 0 0 0 0 0 0 0 0 0 0 0 2 0 0 0 0 0 3 0 2 0 0 0 48 0 0 0 255 255 255 255 5 0 4 0 0 0 0 0 data 6 0x40005 0x5 0x1de1f850 0x3d19 0x0 0x0 oops 1 2 java/lang/String
ciMethodData org/eclipse/jdt/launching/internal/org/objectweb/asm/ByteVector putShort (I)Lorg/eclipse/jdt/launching/internal/org/objectweb/asm/ByteVector; 2 5781 orig 264 168 227 28 94 0 0 0 0 24 24 171 27 0 0 0 0 88 1 0 0 0 0 0 0 0 0 0 0 0 0 0 0 0 0 0 0 0 0 0 0 0 0 0 0 0 0 0 0 0 0 0 0 0 0 0 0 0 0 0 0 0 0 0 0 0 0 0 0 0 0 0 0 0 0 0 0 0 0 0 0 77 68 79 32 101 120 116 114 97 32 100 97 116 97 32 108 111 99 107 0 0 0 0 0 0 0 0 0 0 0 0 0 0 0 0 0 0 0 0 0 0 0 0 0 0 0 0 0 0 0 0 0 0 0 0 0 0 0 0 0 0 0 0 0 0 0 0 0 0 0 0 0 0 0 0 0 0 0 0 0 0 0 0 0 0 0 0 0 0 0 0 0 0 0 0 0 0 0 0 0 0 0 0 0 0 0 0 0 0 0 0 0 0 0 0 0 0 0 0 0 0 0 0 0 0 0 0 0 0 0 0 0 0 0 0 0 10 1 0 0 89 172 0 0 1 0 0 0 0 0 0 0 0 0 0 0 2 0 0 0 0 0 6 0 2 0 0 0 48 0 0 0 255 255 255 255 7 0 13 0 0 0 0 0 data 6 0xd0007 0x1582 0x30 0x9 0x120002 0x9 oops 0
ciMethodData org/eclipse/jdt/launching/internal/org/objectweb/asm/SymbolTable put (Lorg/eclipse/jdt/launching/internal/org/objectweb/asm/SymbolTable$Entry;)Lorg/eclipse/jdt/launching/internal/org/objectweb/asm/SymbolTable$Entry; 2 8533 orig 264 168 227 28 94 0 0 0 0 128 191 170 27 0 0 0 0 64 2 0 0 0 0 0 0 0 0 0 0 0 0 0 0 0 0 0 0 0 0 0 0 0 0 0 0 0 0 0 0 0 0 0 0 0 0 0 0 0 0 0 0 0 0 0 0 0 0 0 0 0 0 0 0 0 0 0 0 0 0 0 0 77 68 79 32 101 120 116 114 97 32 100 97 116 97 32 108 111 99 107 0 0 0 0 0 0 0 0 0 0 0 0 0 0 0 0 0 0 0 0 0 0 0 0 0 0 0 0 0 0 0 0 0 0 0 0 0 0 0 0 0 0 0 0 0 0 0 0 0 0 0 0 0 0 0 0 0 0 0 0 0 0 0 0 0 0 0 0 0 0 0 0 0 0 0 0 0 0 0 0 0 0 0 0 0 0 0 0 0 0 0 0 0 0 0 0 0 0 0 0 0 0 0 0 0 0 0 0 0 0 0 0 0 0 0 0 0 193 1 0 0 249 195 0 0 161 252 0 0 0 0 0 0 0 0 0 0 2 0 0 0 2 0 12 0 2 0 0 0 240 0 0 0 255 255 255 255 7 0 13 0 0 0 0 0 data 30 0xd0007 0x1872 0xc0 0xd 0x290007 0xd 0xa0 0x1205 0x370007 0x1205 0x68 0xd8f 0x5a0004 0x0 0x1df2f2c0 0xd8f 0x0 0x0 0x5f0003 0xd8f 0xffffffffffffffb0 0x650003 0x1205 0xffffffffffffff78 0x940004 0x0 0x1df2f2c0 0x187f 0x0 0x0 oops 2 14 org/eclipse/jdt/launching/internal/org/objectweb/asm/SymbolTable$Entry 26 org/eclipse/jdt/launching/internal/org/objectweb/asm/SymbolTable$Entry
ciMethodData org/eclipse/jdt/launching/internal/org/objectweb/asm/Symbol <init> (IILjava/lang/String;Ljava/lang/String;Ljava/lang/String;J)V 2 6471 orig 264 168 227 28 94 0 0 0 0 24 246 170 27 0 0 0 0 104 1 0 0 0 0 0 0 0 0 0 0 0 0 0 0 0 0 0 0 0 0 0 0 0 0 0 0 0 0 0 0 0 0 0 0 0 0 0 0 0 0 0 0 0 0 0 0 0 0 0 0 0 0 0 0 0 0 0 0 0 0 0 0 77 68 79 32 101 120 116 114 97 32 100 97 116 97 32 108 111 99 107 0 0 0 0 0 0 0 0 0 0 0 0 0 0 0 0 0 0 0 0 0 0 0 0 0 0 0 0 0 0 0 0 0 0 0 0 0 0 0 0 0 0 0 0 0 0 0 0 0 0 0 0 0 0 0 0 0 0 0 0 0 0 0 0 0 0 0 0 0 0 0 0 0 0 0 0 0 0 0 0 0 0 0 0 0 0 0 0 0 0 0 0 0 0 0 0 0 0 0 0 0 0 0 0 0 0 0 0 0 0 0 0 0 0 0 0 0 7 1 0 0 1 194 0 0 1 0 0 0 0 0 0 0 0 0 0 0 2 0 0 0 0 0 3 0 2 0 0 0 16 0 0 0 255 255 255 255 2 0 1 0 0 0 0 0 data 2 0x10002 0x1840 oops 0
ciMethodData org/eclipse/jdt/launching/internal/org/objectweb/asm/SymbolTable addConstantUtf8 (Ljava/lang/String;)I 2 11195 orig 264 168 227 28 94 0 0 0 0 232 210 170 27 0 0 0 0 184 2 0 0 24 1 0 0 0 0 0 0 0 0 0 0 0 0 0 0 0 0 0 0 0 0 0 0 0 0 0 0 0 0 0 0 0 0 0 0 0 0 0 0 0 0 0 0 0 0 0 0 0 0 0 0 0 0 0 0 0 0 0 0 77 68 79 32 101 120 116 114 97 32 100 97 116 97 32 108 111 99 107 0 0 0 0 0 0 0 0 0 0 0 0 0 0 0 0 0 0 0 0 0 0 0 0 0 0 0 0 0 0 0 0 0 0 0 0 0 0 0 0 0 0 0 0 0 1 0 0 0 0 0 0 0 0 0 0 0 0 0 0 0 0 0 0 0 0 0 0 0 0 0 0 0 0 0 0 0 0 0 0 0 0 0 0 0 0 0 0 0 0 0 0 0 0 0 0 0 0 0 0 0 0 0 0 0 0 0 0 0 0 0 0 0 0 0 0 0 0 2 0 0 217 77 1 0 145 78 0 0 82 28 0 0 4 6 0 0 2 0 0 0 1 0 13 0 2 0 0 0 104 1 0 0 255 255 255 255 2 0 2 0 0 0 0 0 data 45 0x20002 0x29bb 0x80002 0x29bb 0xd0007 0x1399 0xc8 0x1ff4 0x150007 0x470 0x90 0x1b84 0x1d0007 0x562 0x70 0x1622 0x250005 0x147 0x1de1f850 0x14db 0x0 0x0 0x280007 0x0 0x20 0x1622 0x350003 0x9d2 0xffffffffffffff50 0x3d0005 0x0 0x1ecdf8a0 0x1399 0x0 0x0 0x410005 0x0 0x1ecdf8a0 0x1399 0x0 0x0 0x580002 0x139a 0x5b0002 0x139a oops 3 18 java/lang/String 31 org/eclipse/jdt/launching/internal/org/objectweb/asm/ByteVector 37 org/eclipse/jdt/launching/internal/org/objectweb/asm/ByteVector
ciMethodData org/eclipse/jdt/launching/internal/org/objectweb/asm/ByteVector putByte (I)Lorg/eclipse/jdt/launching/internal/org/objectweb/asm/ByteVector; 2 5635 orig 264 168 227 28 94 0 0 0 0 16 22 171 27 0 0 0 0 88 1 0 0 0 0 0 0 0 0 0 0 0 0 0 0 0 0 0 0 0 0 0 0 0 0 0 0 0 0 0 0 0 0 0 0 0 0 0 0 0 0 0 0 0 0 0 0 0 0 0 0 0 0 0 0 0 0 0 0 0 0 0 0 77 68 79 32 101 120 116 114 97 32 100 97 116 97 32 108 111 99 107 0 0 0 0 0 0 0 0 0 0 0 0 0 0 0 0 0 0 0 0 0 0 0 0 0 0 0 0 0 0 0 0 0 0 0 0 0 0 0 0 0 0 0 0 0 0 0 0 0 0 0 0 0 0 0 0 0 0 0 0 0 0 0 0 0 0 0 0 0 0 0 0 0 0 0 0 0 0 0 0 0 0 0 0 0 0 0 0 0 0 0 0 0 0 0 0 0 0 0 0 0 0 0 0 0 0 0 0 0 0 0 0 0 0 0 0 0 206 1 0 0 169 161 0 0 1 0 0 0 0 0 0 0 0 0 0 0 2 0 0 0 0 0 6 0 2 0 0 0 48 0 0 0 255 255 255 255 7 0 13 0 0 0 0 0 data 6 0xd0007 0x1423 0x30 0x12 0x120002 0x12 oops 0
ciMethodData org/eclipse/jdt/launching/internal/org/objectweb/asm/SymbolTable$Entry <init> (IILjava/lang/String;I)V 2 7505 orig 264 168 227 28 94 0 0 0 0 208 250 170 27 0 0 0 0 80 1 0 0 0 0 0 0 0 0 0 0 0 0 0 0 0 0 0 0 0 0 0 0 0 0 0 0 0 0 0 0 0 0 0 0 0 0 0 0 0 0 0 0 0 0 0 0 0 0 0 0 0 0 0 0 0 0 0 0 0 0 0 0 77 68 79 32 101 120 116 114 97 32 100 97 116 97 32 108 111 99 107 0 0 0 0 0 0 0 0 0 0 0 0 0 0 0 0 0 0 0 0 0 0 0 0 0 0 0 0 0 0 0 0 0 0 0 0 0 0 0 0 0 0 0 0 0 0 0 0 0 0 0 0 0 0 0 0 0 0 0 0 0 0 0 0 0 0 0 0 0 0 0 0 0 0 0 0 0 0 0 0 0 0 0 0 0 0 0 0 0 0 0 0 0 0 0 0 0 0 0 0 0 0 0 0 0 0 0 0 0 0 0 0 0 0 0 0 0 109 1 0 0 33 223 0 0 1 0 0 0 0 0 0 0 0 0 0 0 2 0 0 0 0 0 3 0 2 0 0 0 16 0 0 0 255 255 255 255 2 0 7 0 0 0 0 0 data 2 0x70002 0x1be4 oops 0
ciMethodData org/eclipse/jdt/launching/internal/org/objectweb/asm/ClassReader readClass (I[C)Ljava/lang/String; 2 6297 orig 264 168 227 28 94 0 0 0 0 200 16 168 27 0 0 0 0 64 1 0 0 0 0 0 0 0 0 0 0 0 0 0 0 0 0 0 0 0 0 0 0 0 0 0 0 0 0 0 0 0 0 0 0 0 0 0 0 0 0 0 0 0 0 0 0 0 0 0 0 0 0 0 0 0 0 0 0 0 0 0 0 77 68 79 32 101 120 116 114 97 32 100 97 116 97 32 108 111 99 107 0 0 0 0 0 0 0 0 0 0 0 0 0 0 0 0 0 0 0 0 0 0 0 0 0 0 0 0 0 0 0 0 0 0 0 0 0 0 0 0 0 0 0 0 0 0 0 0 0 0 0 0 0 0 0 0 0 0 0 0 0 0 0 0 0 0 0 0 0 0 0 0 0 0 0 0 0 0 0 0 0 0 0 0 0 0 0 0 0 0 0 0 0 0 0 0 0 0 0 0 0 0 0 0 0 0 0 0 0 0 0 0 0 0 0 0 0 19 1 0 0 49 188 0 0 1 0 0 0 0 0 0 0 0 0 0 0 2 0 0 0 0 0 10 0 2 0 0 0 16 0 0 0 255 255 255 255 2 0 3 0 0 0 0 0 data 2 0x30002 0x1786 oops 0
ciMethodData org/eclipse/jdt/launching/internal/org/objectweb/asm/ClassReader readStringish (I[C)Ljava/lang/String; 2 6297 orig 264 168 227 28 94 0 0 0 0 8 16 168 27 0 0 0 0 184 1 0 0 0 0 0 0 0 0 0 0 0 0 0 0 0 0 0 0 0 0 0 0 0 0 0 0 0 0 0 0 0 0 0 0 0 0 0 0 0 0 0 0 0 0 0 0 0 0 0 0 0 0 0 0 0 0 0 0 0 0 0 0 77 68 79 32 101 120 116 114 97 32 100 97 116 97 32 108 111 99 107 0 0 0 0 0 0 0 0 0 0 0 0 0 0 0 0 0 0 0 0 0 0 0 0 0 0 0 0 0 0 0 0 0 0 0 0 0 0 0 0 0 0 0 0 0 0 0 0 0 0 0 0 0 0 0 0 0 0 0 0 0 0 0 0 0 0 0 0 0 0 0 0 0 0 0 0 0 0 0 0 0 0 0 0 0 0 0 0 0 0 0 0 0 0 0 0 0 0 0 0 0 0 0 0 0 0 0 0 0 0 0 0 0 0 0 0 0 22 1 0 0 25 188 0 0 1 0 0 0 0 0 0 0 0 0 0 0 2 0 0 0 0 0 9 0 2 0 0 0 96 0 0 0 255 255 255 255 5 0 7 0 0 0 0 0 data 12 0x70005 0x0 0x1ec22790 0x1783 0x0 0x0 0xc0005 0x0 0x1ec22790 0x1783 0x0 0x0 oops 2 2 org/eclipse/jdt/launching/internal/org/objectweb/asm/ClassReader 8 org/eclipse/jdt/launching/internal/org/objectweb/asm/ClassReader
ciMethodData org/eclipse/jdt/launching/internal/org/objectweb/asm/ByteVector put12 (II)Lorg/eclipse/jdt/launching/internal/org/objectweb/asm/ByteVector; 2 6109 orig 264 168 227 28 94 0 0 0 0 48 25 171 27 0 0 0 0 96 1 0 0 0 0 0 0 0 0 0 0 0 0 0 0 0 0 0 0 0 0 0 0 0 0 0 0 0 0 0 0 0 0 0 0 0 0 0 0 0 0 0 0 0 0 0 0 0 0 0 0 0 0 0 0 0 0 0 0 0 0 0 0 77 68 79 32 101 120 116 114 97 32 100 97 116 97 32 108 111 99 107 0 0 0 0 0 0 0 0 0 0 0 0 0 0 0 0 0 0 0 0 0 0 0 0 0 0 0 0 0 0 0 0 0 0 0 0 0 0 0 0 0 0 0 0 0 0 0 0 0 0 0 0 0 0 0 0 0 0 0 0 0 0 0 0 0 0 0 0 0 0 0 0 0 0 0 0 0 0 0 0 0 0 0 0 0 0 0 0 0 0 0 0 0 0 0 0 0 0 0 0 0 0 0 0 0 0 0 0 0 0 0 0 0 0 0 0 0 132 1 0 0 201 178 0 0 1 0 0 0 0 0 0 0 0 0 0 0 2 0 0 0 0 0 6 0 2 0 0 0 48 0 0 0 255 255 255 255 7 0 13 0 0 0 0 0 data 6 0xd0007 0x15ff 0x30 0x5a 0x120002 0x5a oops 0
ciMethodData org/eclipse/jdt/launching/internal/org/objectweb/asm/SymbolTable addConstantMemberReference (ILjava/lang/String;Ljava/lang/String;Ljava/lang/String;)Lorg/eclipse/jdt/launching/internal/org/objectweb/asm/SymbolTable$Entry; 2 5141 orig 264 168 227 28 94 0 0 0 0 168 198 170 27 0 0 0 0 160 3 0 0 16 0 0 0 0 0 0 0 0 0 0 0 0 0 0 0 0 0 0 0 0 0 0 0 0 0 0 0 0 0 0 0 0 0 0 0 0 0 0 0 0 0 0 0 0 0 0 0 0 0 0 0 0 0 0 0 0 0 0 0 77 68 79 32 101 120 116 114 97 32 100 97 116 97 32 108 111 99 107 0 0 0 0 0 0 0 0 0 0 0 0 0 0 0 0 0 0 0 0 0 0 0 0 0 0 0 0 0 0 0 0 0 0 0 0 0 0 0 0 0 0 0 0 0 0 0 0 0 0 0 0 0 0 0 0 0 0 0 0 0 0 0 0 0 0 0 0 0 0 0 0 0 0 0 0 0 0 0 0 0 0 0 0 0 0 0 0 0 0 0 0 0 0 0 0 0 0 0 0 0 0 0 0 0 0 0 0 0 0 0 0 0 0 0 0 0 5 1 0 0 105 152 0 0 73 52 0 0 0 0 0 0 0 0 0 0 2 0 0 0 1 0 17 0 2 0 0 0 56 2 0 0 255 255 255 255 2 0 5 0 0 0 0 0 data 71 0x50002 0x130d 0xd0002 0x130d 0x140007 0x5d0 0x168 0x13c6 0x1d0007 0x530 0x130 0xe96 0x270007 0x159 0x110 0xd3d 0x300005 0x2b 0x1de1f850 0xd12 0x0 0x0 0x330007 0x0 0xc0 0xd3d 0x3c0005 0x2b 0x1de1f850 0xd12 0x0 0x0 0x3f0007 0x0 0x70 0xd3d 0x490005 0x2b 0x1de1f850 0xd12 0x0 0x0 0x4c0007 0x0 0x20 0xd3d 0x590003 0x689 0xfffffffffffffeb0 0x630005 0x10 0x1e16a010 0x5c0 0x0 0x0 0x6d0005 0x10 0x1e16a010 0x5c0 0x0 0x0 0x700005 0x10 0x1ecdf8a0 0x5c0 0x0 0x0 0x8c0002 0x5d0 0x8f0002 0x5d0 oops 6 18 java/lang/String 28 java/lang/String 38 java/lang/String 51 org/eclipse/jdt/launching/internal/org/objectweb/asm/SymbolTable 57 org/eclipse/jdt/launching/internal/org/objectweb/asm/SymbolTable 63 org/eclipse/jdt/launching/internal/org/objectweb/asm/ByteVector
ciMethodData org/eclipse/jdt/launching/internal/org/objectweb/asm/SymbolTable hash (ILjava/lang/String;Ljava/lang/String;Ljava/lang/String;)I 2 5141 orig 264 168 227 28 94 0 0 0 0 16 238 170 27 0 0 0 0 240 1 0 0 0 0 0 0 0 0 0 0 0 0 0 0 0 0 0 0 0 0 0 0 0 0 0 0 0 0 0 0 0 0 0 0 0 0 0 0 0 0 0 0 0 0 0 0 0 0 0 0 0 0 0 0 0 0 0 0 0 0 0 0 77 68 79 32 101 120 116 114 97 32 100 97 116 97 32 108 111 99 107 0 0 0 0 0 0 0 0 0 0 0 0 0 0 0 0 0 0 0 0 0 0 0 0 0 0 0 0 0 0 0 0 0 0 0 0 0 0 0 0 0 0 0 0 0 0 0 0 0 0 0 0 0 0 0 0 0 0 0 0 0 0 0 0 0 0 0 0 0 0 0 0 0 0 0 0 0 0 0 0 0 0 0 0 0 0 0 0 0 0 0 0 0 0 0 0 0 0 0 0 0 0 0 0 0 0 0 0 0 0 0 0 0 0 0 0 0 10 1 0 0 81 152 0 0 1 0 0 0 0 0 0 0 0 0 0 0 2 0 0 0 0 0 3 0 2 0 0 0 144 0 0 0 255 255 255 255 5 0 4 0 0 0 0 0 data 18 0x40005 0x38 0x1de1f850 0x12d2 0x0 0x0 0x80005 0x38 0x1de1f850 0x12d2 0x0 0x0 0xd0005 0x38 0x1de1f850 0x12d2 0x0 0x0 oops 3 2 java/lang/String 8 java/lang/String 14 java/lang/String
ciMethodData org/eclipse/jdt/launching/internal/org/objectweb/asm/SymbolTable addConstantClass (Ljava/lang/String;)Lorg/eclipse/jdt/launching/internal/org/objectweb/asm/Symbol; 2 2956 orig 264 168 227 28 94 0 0 0 0 96 195 170 27 0 0 0 0 56 1 0 0 0 0 0 0 0 0 0 0 0 0 0 0 0 0 0 0 0 0 0 0 0 0 0 0 0 0 0 0 0 0 0 0 0 0 0 0 0 0 0 0 0 0 0 0 0 0 0 0 0 0 0 0 0 0 0 0 0 0 0 0 77 68 79 32 101 120 116 114 97 32 100 97 116 97 32 108 111 99 107 0 0 0 0 0 0 0 0 0 0 0 0 0 0 0 0 0 0 0 0 0 0 0 0 0 0 0 0 0 0 0 0 0 0 0 0 0 0 0 0 0 0 0 0 0 0 0 0 0 0 0 0 0 0 0 0 0 0 0 0 0 0 0 0 0 0 0 0 0 0 0 0 0 0 0 0 0 0 0 0 0 0 0 0 0 0 0 0 0 0 0 0 0 0 0 0 0 0 0 0 0 0 0 0 0 0 0 0 0 0 0 0 0 0 0 0 0 182 0 0 0 177 86 0 0 1 0 0 0 0 0 0 0 0 0 0 0 2 0 0 0 0 0 3 0 2 0 0 0 16 0 0 0 255 255 255 255 2 0 4 0 0 0 0 0 data 2 0x40002 0xad6 oops 0
ciMethodData org/eclipse/jdt/launching/internal/org/objectweb/asm/SymbolTable addConstantUtf8Reference (ILjava/lang/String;)Lorg/eclipse/jdt/launching/internal/org/objectweb/asm/Symbol; 2 4729 orig 264 168 227 28 94 0 0 0 0 88 222 170 27 0 0 0 0 192 2 0 0 16 0 0 0 0 0 0 0 0 0 0 0 0 0 0 0 0 0 0 0 0 0 0 0 0 0 0 0 0 0 0 0 0 0 0 0 0 0 0 0 0 0 0 0 0 0 0 0 0 0 0 0 0 0 0 0 0 0 0 0 77 68 79 32 101 120 116 114 97 32 100 97 116 97 32 108 111 99 107 0 0 0 0 0 0 0 0 0 0 0 0 0 0 0 0 0 0 0 0 0 0 0 0 0 0 0 0 0 0 0 0 0 0 0 0 0 0 0 0 0 0 0 0 0 0 0 0 0 0 0 0 0 0 0 0 0 0 0 0 0 0 0 0 0 0 0 0 0 0 0 0 0 0 0 0 0 0 0 0 0 0 0 0 0 0 0 0 0 0 0 0 0 0 0 0 0 0 0 0 0 0 0 0 0 0 0 0 0 0 0 0 0 0 0 0 0 233 0 0 0 129 140 0 0 153 40 0 0 0 0 0 0 0 0 0 0 2 0 0 0 1 0 13 0 2 0 0 0 104 1 0 0 255 255 255 255 2 0 2 0 0 0 0 0 data 45 0x20002 0x1190 0x80002 0x1190 0xf0007 0x834 0xc8 0xe6f 0x180007 0x413 0x90 0xa5c 0x210007 0x100 0x70 0x95c 0x2a0005 0xc3 0x1de1f850 0x899 0x0 0x0 0x2d0007 0x0 0x20 0x95c 0x3a0003 0x513 0xffffffffffffff50 0x440005 0x5e 0x1e16a010 0x7d6 0x0 0x0 0x470005 0x5e 0x1ecdf8a0 0x7d6 0x0 0x0 0x5e0002 0x834 0x610002 0x834 oops 3 18 java/lang/String 31 org/eclipse/jdt/launching/internal/org/objectweb/asm/SymbolTable 37 org/eclipse/jdt/launching/internal/org/objectweb/asm/ByteVector
ciMethodData org/eclipse/jdt/launching/internal/org/objectweb/asm/SymbolTable addConstantNameAndType (Ljava/lang/String;Ljava/lang/String;)I 2 1603 orig 264 168 227 28 94 0 0 0 0 200 208 170 27 0 0 0 0 64 3 0 0 16 0 0 0 0 0 0 0 0 0 0 0 0 0 0 0 0 0 0 0 0 0 0 0 0 0 0 0 0 0 0 0 0 0 0 0 0 0 0 0 0 0 0 0 0 0 0 0 0 0 0 0 0 0 0 0 0 0 0 0 77 68 79 32 101 120 116 114 97 32 100 97 116 97 32 108 111 99 107 0 0 0 0 0 0 0 0 0 0 0 0 0 0 0 0 0 0 0 0 0 0 0 0 0 0 0 0 0 0 0 0 0 0 0 0 0 0 0 0 0 0 0 0 0 0 0 0 0 0 0 0 0 0 0 0 0 0 0 0 0 0 0 0 0 0 0 0 0 0 0 0 0 0 0 0 0 0 0 0 0 0 0 0 0 0 0 0 0 0 0 0 0 0 0 0 0 0 0 0 0 0 0 0 0 0 0 0 0 0 0 0 0 0 0 0 0 116 0 0 0 121 46 0 0 193 18 0 0 0 0 0 0 0 0 0 0 2 0 0 0 1 0 15 0 2 0 0 0 232 1 0 0 255 255 255 255 2 0 7 0 0 0 0 0 data 61 0x70002 0x5cf 0xf0002 0x5cf 0x160007 0x53d 0x118 0x2ea 0x200007 0x1e0 0xe0 0x10a 0x2a0007 0x78 0xc0 0x92 0x330005 0x3b 0x1de1f850 0x57 0x0 0x0 0x360007 0x0 0x70 0x92 0x3f0005 0x3b 0x1de1f850 0x57 0x0 0x0 0x420007 0x0 0x20 0x92 0x520003 0x258 0xffffffffffffff00 0x5d0005 0x266 0x1e16a010 0x2d7 0x0 0x0 0x620005 0x266 0x1e16a010 0x2d7 0x0 0x0 0x650005 0x266 0x1ecdf8a0 0x2d7 0x0 0x0 0x7f0002 0x53d 0x820002 0x53d oops 5 18 java/lang/String 28 java/lang/String 41 org/eclipse/jdt/launching/internal/org/objectweb/asm/SymbolTable 47 org/eclipse/jdt/launching/internal/org/objectweb/asm/SymbolTable 53 org/eclipse/jdt/launching/internal/org/objectweb/asm/ByteVector
ciMethodData org/eclipse/jdt/launching/internal/org/objectweb/asm/Label accept (Lorg/eclipse/jdt/launching/internal/org/objectweb/asm/MethodVisitor;Z)V 2 4190 orig 264 168 227 28 94 0 0 0 0 0 202 171 27 0 0 0 0 128 2 0 0 160 0 0 0 0 0 0 0 0 0 0 0 0 0 0 0 0 0 0 0 0 0 0 0 0 0 0 0 0 0 0 0 0 0 0 0 0 0 0 0 0 0 0 0 0 0 0 0 0 0 0 0 0 0 0 0 0 0 0 0 77 68 79 32 101 120 116 114 97 32 100 97 116 97 32 108 111 99 107 0 0 0 0 0 0 0 0 0 0 0 0 0 0 0 0 0 0 0 0 0 0 0 0 0 0 0 0 0 0 0 0 0 0 0 0 0 0 0 0 0 0 0 0 0 0 0 0 0 0 0 0 0 0 0 0 0 0 0 0 0 0 0 0 0 0 0 0 0 0 0 0 0 0 0 0 0 0 0 0 0 0 0 0 0 0 0 0 0 0 0 0 0 0 0 0 0 0 0 0 0 0 0 0 0 0 0 0 0 0 0 0 0 0 0 0 0 0 2 0 0 241 114 0 0 1 0 0 0 0 0 0 0 0 0 0 0 2 0 0 0 1 0 13 0 2 0 0 0 40 1 0 0 255 255 255 255 5 0 2 0 0 0 0 0 data 37 0x20005 0x0 0x1ec275e0 0xe5e 0x0 0x0 0x60007 0x0 0xf8 0xe5e 0xd0007 0xb2 0xd8 0xdac 0x190005 0x0 0x1ec275e0 0xdac 0x0 0x0 0x200007 0xdac 0x88 0x0 0x2c0007 0x0 0x68 0x0 0x370005 0x0 0x0 0x0 0x0 0x0 0x3d0003 0x0 0xffffffffffffffb0 oops 2 2 org/eclipse/jdt/launching/internal/org/objectweb/asm/MethodWriter 16 org/eclipse/jdt/launching/internal/org/objectweb/asm/MethodWriter
ciMethodData org/eclipse/jdt/launching/internal/org/objectweb/asm/MethodWriter visitLineNumber (ILorg/eclipse/jdt/launching/internal/org/objectweb/asm/Label;)V 2 3972 orig 264 168 227 28 94 0 0 0 0 40 236 168 27 0 0 0 0 232 1 0 0 32 0 0 0 0 0 0 0 0 0 0 0 0 0 0 0 0 0 0 0 0 0 0 0 0 0 0 0 0 0 0 0 0 0 0 0 0 0 0 0 0 0 0 0 0 0 0 0 0 0 0 0 0 0 0 0 0 0 0 0 77 68 79 32 101 120 116 114 97 32 100 97 116 97 32 108 111 99 107 0 0 0 0 0 0 0 0 0 0 0 0 0 0 0 0 0 0 0 0 0 0 0 0 0 0 0 0 0 0 0 0 0 0 0 0 0 0 0 0 0 0 0 0 0 0 0 0 0 0 0 0 0 0 0 0 0 0 0 0 0 0 0 0 0 0 0 0 0 0 0 0 0 0 0 0 0 0 0 0 0 0 0 0 0 0 0 0 0 0 0 0 0 0 0 0 0 0 0 0 0 0 0 0 0 0 0 0 0 0 0 0 0 0 0 0 0 249 1 0 0 89 108 0 0 1 0 0 0 0 0 0 0 0 0 0 0 2 0 0 0 0 0 6 0 2 0 0 0 144 0 0 0 255 255 255 255 7 0 4 0 0 0 0 0 data 18 0x40007 0xbc6 0x30 0x1c5 0xc0002 0x1c5 0x240005 0x0 0x1ecdf8a0 0xd8b 0x0 0x0 0x2d0005 0x0 0x1ecdf8a0 0xd8b 0x0 0x0 oops 2 8 org/eclipse/jdt/launching/internal/org/objectweb/asm/ByteVector 14 org/eclipse/jdt/launching/internal/org/objectweb/asm/ByteVector
ciMethodData org/eclipse/jdt/launching/internal/org/objectweb/asm/ByteVector <init> ()V 2 1909 orig 264 168 227 28 94 0 0 0 0 184 19 171 27 0 0 0 0 48 1 0 0 0 0 0 0 0 0 0 0 0 0 0 0 0 0 0 0 0 0 0 0 0 0 0 0 0 0 0 0 0 0 0 0 0 0 0 0 0 0 0 0 0 0 0 0 0 0 0 0 0 0 0 0 0 0 0 0 0 0 0 0 77 68 79 32 101 120 116 114 97 32 100 97 116 97 32 108 111 99 107 0 0 0 0 0 0 0 0 0 0 0 0 0 0 0 0 0 0 0 0 0 0 0 0 0 0 0 0 0 0 0 0 0 0 0 0 0 0 0 0 0 0 0 0 0 0 0 0 0 0 0 0 0 0 0 0 0 0 0 0 0 0 0 0 0 0 0 0 0 0 0 0 0 0 0 0 0 0 0 0 0 0 0 0 0 0 0 0 0 0 0 0 0 0 0 0 0 0 0 0 0 0 0 0 0 0 0 0 0 0 0 0 0 0 0 0 0 137 1 0 0 97 47 0 0 1 0 0 0 0 0 0 0 0 0 0 0 2 0 0 0 0 0 3 0 2 0 0 0 16 0 0 0 255 255 255 255 2 0 1 0 0 0 0 0 data 2 0x10002 0x5ec oops 0
ciMethodData org/eclipse/jdt/launching/internal/org/objectweb/asm/ClassReader readShort (I)S 2 2908 orig 264 168 227 28 94 0 0 0 0 232 9 168 27 0 0 0 0 40 1 0 0 0 0 0 0 0 0 0 0 0 0 0 0 0 0 0 0 0 0 0 0 0 0 0 0 0 0 0 0 0 0 0 0 0 0 0 0 0 0 0 0 0 0 0 0 0 0 0 0 0 0 0 0 0 0 0 0 0 0 0 0 77 68 79 32 101 120 116 114 97 32 100 97 116 97 32 108 111 99 107 0 0 0 0 0 0 0 0 0 0 0 0 0 0 0 0 0 0 0 0 0 0 0 0 0 0 0 0 0 0 0 0 0 0 0 0 0 0 0 0 0 0 0 0 0 0 0 0 0 0 0 0 0 0 0 0 0 0 0 0 0 0 0 0 0 0 0 0 0 0 0 0 0 0 0 0 0 0 0 0 0 0 0 0 0 0 0 0 0 0 0 0 0 0 0 0 0 0 0 0 0 0 0 0 0 0 0 0 0 0 0 0 0 0 0 0 0 95 1 0 0 233 79 0 0 1 0 0 0 0 0 0 0 0 0 0 0 2 0 0 0 0 0 3 0 1 0 0 0 0 0 0 0 255 255 255 255 0 0 0 0 0 0 0 0 data 0 oops 0
ciMethodData org/eclipse/jdt/launching/internal/org/objectweb/asm/MethodWriter visitFieldInsn (ILjava/lang/String;Ljava/lang/String;Ljava/lang/String;)V 2 1739 orig 264 168 227 28 94 0 0 0 0 40 211 168 27 0 0 0 0 200 4 0 0 40 3 0 0 0 0 0 0 0 0 0 0 0 0 0 0 0 0 0 0 0 0 0 0 0 0 0 0 0 0 0 0 0 0 0 0 0 0 0 0 0 0 0 0 0 0 0 0 0 0 0 0 0 0 0 0 0 0 0 0 77 68 79 32 101 120 116 114 97 32 100 97 116 97 32 108 111 99 107 0 0 0 0 0 0 0 0 0 0 0 0 0 0 0 0 0 0 0 0 0 0 0 0 0 0 0 0 0 0 0 0 0 0 0 0 0 0 0 0 0 0 0 0 0 0 0 0 0 0 0 0 0 0 0 0 0 0 0 0 0 0 0 0 0 0 0 0 0 0 0 0 0 0 0 0 0 0 0 0 0 0 0 0 0 0 0 0 0 0 0 0 0 0 0 0 0 0 0 0 0 0 0 0 0 0 0 0 0 0 0 0 0 0 0 0 0 4 1 0 0 33 46 0 0 1 0 0 0 0 0 0 0 0 0 0 0 2 0 0 0 0 0 48 0 2 0 0 0 96 3 0 0 255 255 255 255 5 0 19 0 0 0 0 0 data 108 0x130005 0x1a 0x1e16a010 0x5aa 0x0 0x0 0x220005 0x1a 0x1ecdf8a0 0x5aa 0x0 0x0 0x2a0007 0x5c4 0x300 0x0 0x320007 0x0 0x40 0x0 0x3a0007 0x0 0x68 0x0 0x4c0005 0x0 0x0 0x0 0x0 0x0 0x4f0003 0x0 0x270 0x550005 0x0 0x0 0x0 0x0 0x0 0x5b0008 0xa 0x0 0x1b0 0x0 0x60 0x0 0xd0 0x0 0x140 0x0 0x1b0 0x800007 0x0 0x40 0x0 0x870007 0x0 0x38 0x0 0x8b0003 0x0 0x18 0x920003 0x0 0x150 0x9d0007 0x0 0x40 0x0 0xa40007 0x0 0x38 0x0 0xa90003 0x0 0x18 0xb00003 0x0 0xe0 0xbb0007 0x0 0x40 0x0 0xc20007 0x0 0x38 0x0 0xc60003 0x0 0x18 0xcd0003 0x0 0x70 0xd80007 0x0 0x40 0x0 0xdf0007 0x0 0x38 0x0 0xe40003 0x0 0x18 0xf20007 0x0 0x20 0x0 oops 2 2 org/eclipse/jdt/launching/internal/org/objectweb/asm/SymbolTable 8 org/eclipse/jdt/launching/internal/org/objectweb/asm/ByteVector
ciMethodData org/eclipse/jdt/launching/internal/org/objectweb/asm/SymbolTable addConstantFieldref (Ljava/lang/String;Ljava/lang/String;Ljava/lang/String;)Lorg/eclipse/jdt/launching/internal/org/objectweb/asm/Symbol; 2 1739 orig 264 168 227 28 94 0 0 0 0 48 196 170 27 0 0 0 0 72 1 0 0 0 0 0 0 0 0 0 0 0 0 0 0 0 0 0 0 0 0 0 0 0 0 0 0 0 0 0 0 0 0 0 0 0 0 0 0 0 0 0 0 0 0 0 0 0 0 0 0 0 0 0 0 0 0 0 0 0 0 0 0 77 68 79 32 101 120 116 114 97 32 100 97 116 97 32 108 111 99 107 0 0 0 0 0 0 0 0 0 0 0 0 0 0 0 0 0 0 0 0 0 0 0 0 0 0 0 0 0 0 0 0 0 0 0 0 0 0 0 0 0 0 0 0 0 0 0 0 0 0 0 0 0 0 0 0 0 0 0 0 0 0 0 0 0 0 0 0 0 0 0 0 0 0 0 0 0 0 0 0 0 0 0 0 0 0 0 0 0 0 0 0 0 0 0 0 0 0 0 0 0 0 0 0 0 0 0 0 0 0 0 0 0 0 0 0 0 13 1 0 0 241 45 0 0 1 0 0 0 0 0 0 0 0 0 0 0 2 0 0 0 0 0 3 0 2 0 0 0 16 0 0 0 255 255 255 255 2 0 6 0 0 0 0 0 data 2 0x60002 0x5be oops 0
ciMethodData org/eclipse/jdt/launching/internal/org/objectweb/asm/MethodWriter visitInsn (I)V 2 4756 orig 264 168 227 28 94 0 0 0 0 48 204 168 27 0 0 0 0 184 2 0 0 56 1 0 0 0 0 0 0 0 0 0 0 0 0 0 0 0 0 0 0 0 0 0 0 0 0 0 0 0 0 0 0 0 0 0 0 0 0 0 0 0 0 0 0 0 0 0 0 0 0 0 0 0 0 0 0 0 0 0 0 77 68 79 32 101 120 116 114 97 32 100 97 116 97 32 108 111 99 107 0 0 0 0 0 0 0 0 0 0 0 0 0 0 0 0 0 0 0 0 0 0 0 0 0 0 0 0 0 0 0 0 0 0 0 0 0 0 0 0 0 0 0 0 0 0 0 0 0 0 0 0 0 0 0 0 0 0 0 0 0 0 0 0 0 0 0 0 0 0 0 0 0 0 0 0 0 0 0 0 0 0 0 0 0 0 0 0 0 0 0 0 0 0 0 0 0 0 0 0 0 0 0 0 0 0 0 0 0 0 0 0 0 0 0 0 0 129 1 0 0 145 136 0 0 1 0 0 0 0 0 0 0 0 0 0 0 2 0 0 0 0 0 23 0 2 0 0 0 104 1 0 0 255 255 255 255 5 0 16 0 0 0 0 0 data 45 0x100005 0x0 0x1ecdf8a0 0x1112 0x0 0x0 0x180007 0x1112 0x138 0x0 0x200007 0x0 0x40 0x0 0x280007 0x0 0x68 0x0 0x360005 0x0 0x0 0x0 0x0 0x0 0x390003 0x0 0x38 0x4c0007 0x0 0x20 0x0 0x5d0007 0x0 0x40 0x0 0x640007 0x0 0x40 0x0 0x6b0007 0x0 0x30 0x0 0x6f0002 0x0 oops 1 2 org/eclipse/jdt/launching/internal/org/objectweb/asm/ByteVector
ciMethodData org/eclipse/jdt/launching/internal/org/objectweb/asm/ClassReader readCode (Lorg/eclipse/jdt/launching/internal/org/objectweb/asm/MethodVisitor;Lorg/eclipse/jdt/launching/internal/org/objectweb/asm/Context;I)V 2 47445 orig 264 168 227 28 94 0 0 0 0 64 228 167 27 0 0 0 0 48 74 0 0 88 71 0 0 0 0 0 0 0 0 0 0 0 0 0 0 0 0 0 0 0 0 0 0 0 0 0 0 0 0 0 0 0 0 0 0 0 0 0 0 0 0 0 0 0 0 0 0 0 0 0 0 0 0 0 0 0 0 0 0 77 68 79 32 101 120 116 114 97 32 100 97 116 97 32 108 111 99 107 0 0 0 0 0 0 0 0 0 0 0 0 0 0 0 0 0 0 0 0 0 0 0 0 0 0 0 0 0 0 0 0 0 0 0 0 0 0 0 0 0 0 0 0 0 0 0 0 0 0 0 0 0 0 0 0 0 0 0 0 0 0 0 0 0 0 0 0 0 0 0 0 0 0 0 0 0 0 0 0 0 0 0 0 0 0 0 0 0 0 0 0 0 0 0 0 0 0 0 0 0 0 0 0 0 0 0 0 0 0 0 0 0 0 0 0 0 85 25 0 0 1 13 0 0 1 0 5 0 0 0 0 0 0 0 0 0 2 0 0 0 21 0 234 1 2 0 0 0 8 72 0 0 255 255 255 255 5 0 18 0 0 0 0 0 data 2305 0x120005 0x0 0x1ec22790 0x1a0 0x0 0x0 0x1c0005 0x0 0x1ec22790 0x1a0 0x0 0x0 0x260005 0x0 0x1ec22790 0x1a0 0x0 0x0 0x4b0007 0x1a0 0x12d8 0x413a 0x620008 0x1bc 0x0 0x1290 0x0 0xdf0 0x25 0xdf0 0x9 0xdf0 0x21 0xdf0 0x1f 0xdf0 0x4 0xdf0 0x1 0xdf0 0x1 0xdf0 0x0 0xdf0 0x4 0xdf0 0x2 0xdf0 0x0 0xdf0 0x0 0xdf0 0x0 0xdf0 0x0 0xdf0 0x0 0xdf0 0x1b 0x1230 0x3 0x1248 0xee 0x1230 0x0 0x1248 0x7 0x1248 0x23 0x1230 0x1 0x1230 0x0 0x1230 0x0 0x1230 0xe3 0x1230 0x2 0xdf0 0x15 0xdf0 0xc 0xdf0 0xf 0xdf0 0x0 0xdf0 0x4 0xdf0 0x2 0xdf0 0x2 0xdf0 0x0 0xdf0 0x0 0xdf0 0x0 0xdf0 0x0 0xdf0 0x0 0xdf0 0x0 0xdf0 0x0 0xdf0 0x0 0xdf0 0x117 0xdf0 0x90 0xdf0 0x51 0xdf0 0x4a 0xdf0 0x0 0xdf0 0x0 0xdf0 0x0 0xdf0 0x0 0xdf0 0x2 0xdf0 0x0 0xdf0 0x0 0xdf0 0x0 0xdf0 0xe 0x1230 0x4 0x1230 0x0 0x1230 0x0 0x1230 0x73 0x1230 0x0 0xdf0 0xb 0xdf0 0x3 0xdf0 0x7 0xdf0 0x0 0xdf0 0x0 0xdf0 0x1 0xdf0 0x1 0xdf0 0x0 0xdf0 0x0 0xdf0 0x0 0xdf0 0x0 0xdf0 0x0 0xdf0 0x0 0xdf0 0x0 0xdf0 0x0 0xdf0 0x6 0xdf0 0x12 0xdf0 0x12 0xdf0 0x24 0xdf0 0x0 0xdf0 0x0 0xdf0 0x0 0xdf0 0x0 0xdf0 0x7 0xdf0 0x0 0xdf0 0x0 0xdf0 0x0 0xdf0 0x8 0xdf0 0x0 0xdf0 0xa0 0xdf0 0x0 0xdf0 0x0 0xdf0 0x0 0xdf0 0x0 0xdf0 0x0 0xdf0 0x0 0xdf0 0x7 0xdf0 0x2 0xdf0 0x0 0xdf0 0x0 0xdf0 0x1 0xdf0 0x0 0xdf0 0x0 0xdf0 0x0 0xdf0 0x0 0xdf0 0x1 0xdf0 0x0 0xdf0 0x0 0xdf0 0x0 0xdf0 0x0 0xdf0 0x0 0xdf0 0x0 0xdf0 0x0 0xdf0 0x0 0xdf0 0x0 0xdf0 0x0 0xdf0 0x0 0xdf0 0x0 0xdf0 0x0 0xdf0 0x0 0xdf0 0x0 0xdf0 0x0 0xdf0 0x0 0xdf0 0x0 0xdf0 0x0 0xdf0 0x0 0xdf0 0x0 0xdf0 0x0 0xdf0 0x0 0xdf0 0x0 0xdf0 0x0 0xdf0 0x0 0xdf0 0x5 0x1248 0x0 0xdf0 0x0 0xdf0 0x0 0xdf0 0x0 0xdf0 0x0 0xdf0 0x0 0xdf0 0x0 0xdf0 0x0 0xdf0 0x0 0xdf0 0x0 0xdf0 0x0 0xdf0 0x0 0xdf0 0x0 0xdf0 0x0 0xdf0 0x0 0xdf0 0x2 0xdf0 0x0 0xdf0 0x0 0xdf0 0x0 0xdf0 0x0 0xdf0 0x3b 0xe08 0x15 0xe08 0x2 0xe08 0x0 0xe08 0x0 0xe08 0x1 0xe08 0x7 0xe08 0xd 0xe08 0x1 0xe08 0x3 0xe08 0x0 0xe08 0x0 0xe08 0x0 0xe08 0x0 0xe08 0x58 0xe08 0x0 0xe08 0x0 0x1230 0x0 0x1030 0x0 0x1148 0x12 0xdf0 0x4 0xdf0 0x0 0xdf0 0x0 0xdf0 0x2a 0xdf0 0x58 0xdf0 0x33 0x1248 0x19 0x1248 0x5e 0x1248 0x36 0x1248 0x262 0x1248 0x9d 0x1248 0xad 0x1248 0x26 0x1260 0x0 0x1260 0x88 0x1248 0x0 0x1230 0x4 0x1248 0x8 0xdf0 0xa 0xdf0 0x17 0x1248 0x13 0x1248 0x2 0xdf0 0x4 0xdf0 0x0 0xf10 0x0 0x1278 0x39 0xe08 0x21 0xe08 0x0 0xeb8 0x0 0xeb8 0x0 0xe60 0x0 0xe60 0x0 0xe60 0x0 0xe60 0x0 0xe60 0x0 0xe60 0x0 0xe60 0x0 0xe60 0x0 0xe60 0x0 0xe60 0x0 0xe60 0x0 0xe60 0x0 0xe60 0x0 0xe60 0x0 0xe60 0x0 0xe60 0x0 0xe60 0x0 0xe60 0x0 0xeb8 0x3e70003 0x1cce 0x4b0 0x3f20005 0x0 0x1ec22790 0x380 0x0 0x0 0x3f80002 0x380 0x3ff0003 0x380 0x458 0x40a0005 0x0 0x0 0x0 0x0 0x0 0x4100002 0x0 0x4170003 0x0 0x400 0x4220005 0x0 0x0 0x0 0x0 0x0 0x4280002 0x0 0x42f0003 0x0 0x3a8 0x43d0008 0x1a 0x0 0x110 0x0 0xe0 0x0 0xe0 0x0 0xe0 0x0 0xe0 0x0 0xe0 0x0 0xe0 0x0 0xe0 0x0 0xe0 0x0 0xe0 0x0 0xe0 0x0 0xf8 0x0 0xe0 0x4ab0003 0x0 0x2b0 0x4b10003 0x0 0x298 0x4b80002 0x0 0x4cd0005 0x0 0x1ec22790 0x11 0x0 0x0 0x4d30002 0x11 0x4dd0005 0x0 0x1ec22790 0x11 0x0 0x0 0x4e50005 0x0 0x1ec22790 0x11 0x0 0x0 0x4f50007 0x11 0x1d0 0xc0 0x4fe0005 0x0 0x1ec22790 0xc0 0x0 0x0 0x5040002 0xc0 0x50b0003 0xc0 0xffffffffffffffa0 0x51f0005 0x0 0x1ec22790 0x5 0x0 0x0 0x5250002 0x5 0x52e0005 0x0 0x1ec22790 0x5 0x0 0x0 0x53b0007 0x5 0xe8 0x12 0x5460005 0x0 0x1ec22790 0x12 0x0 0x0 0x54c0002 0x12 0x5530003 0x12 0xffffffffffffffa0 0x5590003 0xa36 0x70 0x55f0003 0x15f7 0x58 0x5650003 0xa9 0x40 0x56b0003 0x0 0x28 0x5720002 0x0 0x5760003 0x413a 0xffffffffffffed40 0x57c0005 0x0 0x1ec22790 0x1a0 0x0 0x0 0x5890007 0x1a0 0x188 0xbb 0x5900005 0x0 0x1ec22790 0xbb 0x0 0x0 0x5950002 0xbb 0x5a00005 0x0 0x1ec22790 0xbb 0x0 0x0 0x5a50002 0xbb 0x5b00005 0x0 0x1ec22790 0xbb 0x0 0x0 0x5b50002 0xbb 0x5c50005 0x0 0x1ec22790 0xbb 0x0 0x0 0x5cb0005 0x0 0x1ec22790 0xbb 0x0 0x0 0x5dc0005 0x0 0x1ec275e0 0xbb 0x0 0x0 0x5df0003 0xbb 0xfffffffffffffe90 0x5fd0005 0x0 0x1ec22790 0x1a0 0x0 0x0 0x60a0007 0x1a0 0x610 0x32d 0x6120005 0x0 0x1ec22790 0x32d 0x0 0x0 0x61c0005 0x0 0x1ec22790 0x32d 0x0 0x0 0x6290005 0xde 0x1de1f850 0x24f 0x0 0x0 0x62c0007 0x1b6 0x140 0x177 0x6350007 0x0 0x528 0x177 0x6430005 0x0 0x1ec22790 0x177 0x0 0x0 0x6500007 0x177 0xb8 0x493 0x6560005 0x0 0x1ec22790 0x493 0x0 0x0 0x6600002 0x493 0x6680005 0x0 0x1ec22790 0x493 0x0 0x0 0x6750002 0x493 0x67b0003 0x493 0xffffffffffffff60 0x67e0003 0x177 0x420 0x6860005 0x70 0x1de1f850 0x146 0x0 0x0 0x6890007 0x1b6 0x38 0x0 0x6900003 0x0 0x3b8 0x6980005 0x70 0x1de1f850 0x146 0x0 0x0 0x69b0007 0x16 0x160 0x1a0 0x6a40007 0x0 0x350 0x1a0 0x6ae0005 0x0 0x1ec22790 0x1a0 0x0 0x0 0x6bb0007 0x1a0 0xd8 0xd08 0x6c10005 0x0 0x1ec22790 0xd08 0x0 0x0 0x6cb0005 0x0 0x1ec22790 0xd08 0x0 0x0 0x6d80002 0xd08 0x6e20005 0x366 0x1ec27690 0x9a2 0x0 0x0 0x6e50003 0xd08 0xffffffffffffff40 0x6e80003 0x1a0 0x228 0x6ef0005 0x0 0x1de1f850 0x16 0x0 0x0 0x6f20007 0x16 0x48 0x0 0x6fb0002 0x0 0x7000003 0x0 0x1b0 0x7070005 0x0 0x1de1f850 0x16 0x0 0x0 0x70a0007 0x16 0x48 0x0 0x7130002 0x0 0x7180003 0x0 0x138 0x7200005 0x0 0x1de1f850 0x16 0x0 0x0 0x7230007 0x0 0x58 0x16 0x72c0007 0x0 0xd0 0x16 0x73c0003 0x16 0xb0 0x7440005 0x0 0x0 0x0 0x0 0x0 0x7470007 0x0 0x58 0x0 0x7500007 0x0 0x48 0x0 0x7630003 0x0 0x28 0x7760002 0x0 0x78d0003 0x32d 0xfffffffffffffa08 0x7970007 0x1a0 0x38 0x0 0x79b0003 0x0 0x18 0x7a30007 0x18a 0x148 0x16 0x7d30007 0x16 0x30 0x0 0x7d80002 0x0 0x7e50007 0x16 0xf8 0x1aa 0x7ef0007 0x1a9 0xc0 0x1 0x7f70005 0x0 0x1ec22790 0x1 0x0 0x0 0x7fe0007 0x0 0x70 0x1 0x8050007 0x1 0x50 0x0 0x8170007 0x0 0x30 0x0 0x81f0002 0x0 0x8260003 0x1aa 0xffffffffffffff20 0x82b0007 0x1a0 0x70 0x0 0x8360007 0x0 0x50 0x0 0x8400005 0x0 0x0 0x0 0x0 0x0 0x84a0002 0x1a0 0x8560002 0x1a0 0x8660007 0x0 0x38 0x1a0 0x86b0003 0x1a0 0x18 0x8790007 0x19f 0x2358 0x410f 0x88c0007 0x3372 0x88 0xd9d 0x8980007 0x0 0x38 0xd9d 0x89c0003 0xd9d 0x18 0x8a00005 0x3a1 0x1ec27690 0x9fc 0x0 0x0 0x8a50007 0x3d78 0x198 0x3ea 0x8ae0007 0x3d 0x40 0x3ad 0x8b60007 0x397 0x158 0x16 0x8be0007 0x16 0xd8 0x3d 0x8c30007 0x0 0x40 0x3d 0x8c80007 0x3d 0x68 0x0 0x8dd0005 0x0 0x0 0x0 0x0 0x0 0x8e00003 0x0 0x48 0x8f80005 0x0 0x1ec275e0 0x3d 0x0 0x0 0x9020007 0x15 0x48 0x3e 0x90d0002 0x3e 0x9120003 0x3e 0xfffffffffffffe98 0x9180003 0x15 0xfffffffffffffe80 0x91d0007 0x410f 0x70 0x0 0x9270007 0x0 0x50 0x0 0x9320005 0x0 0x0 0x0 0x0 0x0 0x9450008 0x1bc 0x0 0x1e30 0x0 0xdf0 0x25 0xdf0 0x9 0xdf0 0x21 0xdf0 0x1f 0xdf0 0x4 0xdf0 0x1 0xdf0 0x1 0xdf0 0x0 0xdf0 0x4 0xdf0 0x2 0xdf0 0x0 0xdf0 0x0 0xdf0 0x0 0xdf0 0x0 0xdf0 0x0 0xdf0 0x1b 0x1648 0x3 0x1690 0xee 0x1708 0x0 0x1780 0x7 0x1780 0x23 0x1600 0x1 0x1600 0x0 0x1600 0x0 0x1600 0xe3 0x1600 0x2 0xe38 0x15 0xe38 0xc 0xe38 0xf 0xe38 0x0 0xe38 0x4 0xe38 0x2 0xe38 0x2 0xe38 0x0 0xe38 0x0 0xe38 0x0 0xe38 0x0 0xe38 0x0 0xe38 0x0 0xe38 0x0 0xe38 0x0 0xe38 0x117 0xe38 0x90 0xe38 0x51 0xe38 0x4a 0xe38 0x0 0xdf0 0x0 0xdf0 0x0 0xdf0 0x0 0xdf0 0x2 0xdf0 0x0 0xdf0 0x0 0xdf0 0x0 0xdf0 0xe 0x1600 0x4 0x1600 0x0 0x1600 0x0 0x1600 0x73 0x1600 0x0 0xe80 0xb 0xe80 0x3 0xe80 0x7 0xe80 0x0 0xe80 0x0 0xe80 0x1 0xe80 0x1 0xe80 0x0 0xe80 0x0 0xe80 0x0 0xe80 0x0 0xe80 0x0 0xe80 0x0 0xe80 0x0 0xe80 0x0 0xe80 0x6 0xe80 0x12 0xe80 0x12 0xe80 0x24 0xe80 0x0 0xdf0 0x0 0xdf0 0x0 0xdf0 0x0 0xdf0 0x7 0xdf0 0x0 0xdf0 0x0 0xdf0 0x0 0xdf0 0x8 0xdf0 0x0 0xdf0 0xa0 0xdf0 0x0 0xdf0 0x0 0xdf0 0x0 0xdf0 0x0 0xdf0 0x0 0xdf0 0x0 0xdf0 0x7 0xdf0 0x2 0xdf0 0x0 0xdf0 0x0 0xdf0 0x1 0xdf0 0x0 0xdf0 0x0 0xdf0 0x0 0xdf0 0x0 0xdf0 0x1 0xdf0 0x0 0xdf0 0x0 0xdf0 0x0 0xdf0 0x0 0xdf0 0x0 0xdf0 0x0 0xdf0 0x0 0xdf0 0x0 0xdf0 0x0 0xdf0 0x0 0xdf0 0x0 0xdf0 0x0 0xdf0 0x0 0xdf0 0x0 0xdf0 0x0 0xdf0 0x0 0xdf0 0x0 0xdf0 0x0 0xdf0 0x0 0xdf0 0x0 0xdf0 0x0 0xdf0 0x0 0xdf0 0x0 0xdf0 0x0 0xdf0 0x0 0xdf0 0x0 0xdf0 0x5 0x1d70 0x0 0xdf0 0x0 0xdf0 0x0 0xdf0 0x0 0xdf0 0x0 0xdf0 0x0 0xdf0 0x0 0xdf0 0x0 0xdf0 0x0 0xdf0 0x0 0xdf0 0x0 0xdf0 0x0 0xdf0 0x0 0xdf0 0x0 0xdf0 0x0 0xdf0 0x2 0xdf0 0x0 0xdf0 0x0 0xdf0 0x0 0xdf0 0x0 0xdf0 0x3b 0xec8 0x15 0xec8 0x2 0xec8 0x0 0xec8 0x0 0xec8 0x1 0xec8 0x7 0xec8 0xd 0xec8 0x1 0xec8 0x3 0xec8 0x0 0xec8 0x0 0xec8 0x0 0xec8 0x0 0xec8 0x58 0xec8 0x0 0xec8 0x0 0x1600 0x0 0x1320 0x0 0x1490 0x12 0xdf0 0x4 0xdf0 0x0 0xdf0 0x0 0xdf0 0x2a 0xdf0 0x58 0xdf0 0x33 0x1828 0x19 0x1828 0x5e 0x1828 0x36 0x1828 0x262 0x1828 0x9d 0x1828 0xad 0x1828 0x26 0x1828 0x0 0x1a38 0x88 0x1cf8 0x0 0x1648 0x4 0x1cf8 0x8 0xdf0 0xa 0xdf0 0x17 0x1cf8 0x13 0x1cf8 0x2 0xdf0 0x4 0xdf0 0x0 0x11e0 0x0 0x1db8 0x39 0xec8 0x21 0xec8 0x0 0xf40 0x0 0xf40 0x0 0xfb8 0x0 0xfb8 0x0 0xfb8 0x0 0xfb8 0x0 0xfb8 0x0 0xfb8 0x0 0xfb8 0x0 0xfb8 0x0 0xfb8 0x0 0xfb8 0x0 0xfb8 0x0 0xfb8 0x0 0xfb8 0x0 0xfb8 0x0 0xfb8 0x0 0xfb8 0x0 0xfb8 0x0 0xfb8 0x0 0x1168 0xccb0005 0x0 0x1ec275e0 0x108f 0x0 0x0 0xcd10003 0x108f 0x1020 0xce30005 0x0 0x1ec275e0 0xafc 0x0 0x0 0xce90003 0xafc 0xfd8 0xcfb0005 0x0 0x1ec275e0 0x132 0x0 0x0 0xd010003 0x132 0xf90 0xd100005 0x0 0x1ec22790 0x37e 0x0 0x0 0xd150005 0x0 0x1ec275e0 0x37e 0x0 0x0 0xd1b0003 0x37e 0xf18 0xd2d0005 0x0 0x0 0x0 0x0 0x0 0xd320005 0x0 0x0 0x0 0x0 0x0 0xd380003 0x0 0xea0 0xd400007 0x0 0x38 0x0 0xd480003 0x0 0x18 0xd5b0005 0x0 0x0 0x0 0x0 0x0 0xd670007 0x0 0x40 0x0 0xd6f0007 0x0 0x68 0x0 0xd7a0005 0x0 0x0 0x0 0x0 0x0 0xd7d0003 0x0 0xc0 0xd850007 0x0 0x38 0x0 0xd900003 0x0 0x18 0xda00002 0x0 0xdaa0005 0x0 0x0 0x0 0x0 0x0 0xdb30005 0x0 0x0 0x0 0x0 0x0 0xdbc0003 0x0 0xcf0 0xdcc0005 0x0 0x0 0x0 0x0 0x0 0xdd10005 0x0 0x0 0x0 0x0 0x0 0xdda0003 0x0 0xc78 0xdef0007 0x0 0xc8 0x0 0xdf80005 0x0 0x0 0x0 0x0 0x0 0xe000005 0x0 0x0 0x0 0x0 0x0 0xe030005 0x0 0x0 0x0 0x0 0x0 0xe090003 0x0 0xbb0 0xe140005 0x0 0x0 0x0 0x0 0x0 0xe170005 0x0 0x0 0x0 0x0 0x0 0xe1d0003 0x0 0xb38 0xe320005 0x0 0x1ec22790 0x11 0x0 0x0 0xe3e0005 0x0 0x1ec22790 0x11 0x0 0x0 0xe490005 0x0 0x1ec22790 0x11 0x0 0x0 0xe650007 0x11 0x98 0xc0 0xe730005 0x0 0x1ec22790 0xc0 0x0 0x0 0xe780004 0x0 0x1ec27690 0xc0 0x0 0x0 0xe7f0003 0xc0 0xffffffffffffff80 0xe8b0005 0x0 0x1ec275e0 0x11 0x0 0x0 0xe8e0003 0x11 0x9c8 0xea30005 0x0 0x1ec22790 0x5 0x0 0x0 0xeaf0005 0x0 0x1ec22790 0x5 0x0 0x0 0xecb0007 0x5 0xc8 0x12 0xed50005 0x0 0x1ec22790 0x12 0x0 0x0 0xee60005 0x0 0x1ec22790 0x12 0x0 0x0 0xeeb0004 0x0 0x1ec27690 0x12 0x0 0x0 0xef20003 0x12 0xffffffffffffff50 0xefc0005 0x0 0x1ec275e0 0x5 0x0 0x0 0xeff0003 0x5 0x858 0xf100005 0x0 0x1ec275e0 0x404 0x0 0x0 0xf160003 0x404 0x810 0xf230005 0x0 0x1ec275e0 0x19c 0x0 0x0 0xf290003 0x19c 0x7c8 0xf340005 0x0 0x1ec22790 0x23c 0x0 0x0 0xf370005 0x0 0x1ec275e0 0x23c 0x0 0x0 0xf3d0003 0x23c 0x750 0xf4f0005 0x0 0x1ec22790 0x493 0x0 0x0 0xf520005 0x0 0x1ec275e0 0x493 0x0 0x0 0xf580003 0x493 0x6d8 0xf620005 0x0 0x1ec22790 0x1b9 0x0 0x0 0xf670005 0x0 0x1ec22790 0x1b9 0x0 0x0 0xf6a0005 0x0 0x1ec275e0 0x1b9 0x0 0x0 0xf700003 0x1b9 0x630 0xf7c0005 0x0 0x1ec22790 0x105e 0x0 0x0 0xf8b0005 0x0 0x1ec22790 0x105e 0x0 0x0 0xf960005 0x0 0x1ec22790 0x105e 0x0 0x0 0xfa00005 0x0 0x1ec22790 0x105e 0x0 0x0 0xfac0005 0x0 0x1ec22790 0x105e 0x0 0x0 0xfb60007 0xada 0x68 0x584 0xfc20005 0x0 0x1ec275e0 0x584 0x0 0x0 0xfc50003 0x584 0x80 0xfd10007 0xa32 0x38 0xa8 0xfd50003 0xa8 0x18 0xfe60005 0x0 0x1ec275e0 0xada 0x0 0x0 0xfee0007 0xfb6 0x38 0xa8 0xff40003 0xa8 0x438 0xffa0003 0xfb6 0x420 0x10060005 0x0 0x0 0x0 0x0 0x0 0x10150005 0x0 0x0 0x0 0x0 0x0 0x10200005 0x0 0x0 0x0 0x0 0x0 0x102c0005 0x0 0x0 0x0 0x0 0x0 0x10380005 0x0 0x0 0x0 0x0 0x0 0x10420005 0x0 0x0 0x0 0x0 0x0 0x10470005 0x0 0x0 0x0 0x0 0x0 0x104a0004 0x0 0x0 0x0 0x0 0x0 0x10540005 0x0 0x0 0x0 0x0 0x0 0x10670007 0x0 0xc8 0x0 0x10720005 0x0 0x0 0x0 0x0 0x0 0x10770005 0x0 0x0 0x0 0x0 0x0 0x107a0004 0x0 0x0 0x0 0x0 0x0 0x10810003 0x0 0xffffffffffffff50 0x108d0005 0x0 0x0 0x0 0x0 0x0 0x10930003 0x0 0x160 0x10a00005 0x0 0x1ec22790 0x20f 0x0 0x0 0x10a30005 0x0 0x1ec275e0 0x20f 0x0 0x0 0x10a90003 0x20f 0xe8 0x10bf0005 0x0 0x1ec275e0 0x29 0x0 0x0 0x10c50003 0x29 0xa0 0x10d00005 0x0 0x0 0x0 0x0 0x0 0x10de0005 0x0 0x0 0x0 0x0 0x0 0x10e40003 0x0 0x28 0x10eb0002 0x0 0x10f10007 0x410f 0x128 0x0 0x10f90007 0x0 0x108 0x0 0x11000007 0x0 0xe8 0x0 0x11070007 0x0 0xa0 0x0 0x11110002 0x0 0x111b0005 0x0 0x0 0x0 0x0 0x0 0x11300005 0x0 0x0 0x0 0x0 0x0 0x11380002 0x0 0x11440002 0x0 0x11490003 0x0 0xfffffffffffffef0 0x114e0007 0x410f 0x128 0x0 0x11560007 0x0 0x108 0x0 0x115d0007 0x0 0xe8 0x0 0x11640007 0x0 0xa0 0x0 0x116e0002 0x0 0x11780005 0x0 0x0 0x0 0x0 0x0 0x118d0005 0x0 0x0 0x0 0x0 0x0 0x11950002 0x0 0x11a10002 0x0 0x11a60003 0x0 0xfffffffffffffef0 0x11a90003 0x410e 0xffffffffffffdcc0 0x11b10007 0x2c 0x50 0x173 0x11ba0005 0x0 0x1ec275e0 0x173 0x0 0x0 0x11bf0007 0x28 0x390 0x177 0x11c80007 0x0 0x370 0x177 0x11d00007 0x177 0xe8 0x0 0x11d60005 0x0 0x0 0x0 0x0 0x0 0x11ec0007 0x0 0x98 0x0 0x12090005 0x0 0x0 0x0 0x0 0x0 0x12170005 0x0 0x0 0x0 0x0 0x0 0x121e0003 0x0 0xffffffffffffff80 0x12240005 0x0 0x1ec22790 0x177 0x0 0x0 0x12340007 0x177 0x238 0x493 0x123a0005 0x0 0x1ec22790 0x493 0x0 0x0 0x12440005 0x0 0x1ec22790 0x493 0x0 0x0 0x12500005 0x0 0x1ec22790 0x493 0x0 0x0 0x125d0005 0x0 0x1ec22790 0x493 0x0 0x0 0x12680005 0x0 0x1ec22790 0x493 0x0 0x0 0x12750007 0x493 0xe0 0x0 0x12800007 0x0 0xc0 0x0 0x128a0007 0x0 0x88 0x0 0x12960007 0x0 0x68 0x0 0x12a30005 0x0 0x0 0x0 0x0 0x0 0x12a80003 0x0 0x30 0x12ae0003 0x0 0xffffffffffffff58 0x12c70005 0x0 0x1ec275e0 0x493 0x0 0x0 0x12ca0003 0x493 0xfffffffffffffde0 0x12cf0007 0x19f 0x148 0x0 0x12e20007 0x0 0x128 0x0 0x12ef0005 0x0 0x0 0x0 0x0 0x0 0x12f80007 0x0 0x40 0x0 0x12ff0007 0x0 0xa0 0x0 0x13060002 0x0 0x13100005 0x0 0x0 0x0 0x0 0x0 0x13310005 0x0 0x0 0x0 0x0 0x0 0x13390002 0x0 0x13400003 0x0 0xfffffffffffffef0 0x13450007 0x19f 0x148 0x0 0x13580007 0x0 0x128 0x0 0x13650005 0x0 0x0 0x0 0x0 0x0 0x136e0007 0x0 0x40 0x0 0x13750007 0x0 0xa0 0x0 0x137c0002 0x0 0x13860005 0x0 0x0 0x0 0x0 0x0 0x13a70005 0x0 0x0 0x0 0x0 0x0 0x13af0002 0x0 0x13b60003 0x0 0xfffffffffffffef0 0x13bb0007 0x19f 0x68 0x0 0x13ce0005 0x0 0x0 0x0 0x0 0x0 0x13d50003 0x0 0xffffffffffffffb0 0x13dd0005 0x0 0x1ec275e0 0x19f 0x0 0x0